# This is the CMakeCache file.
# For build in directory: /workspace
# It was generated by CMake: /usr/bin/cmake
# You can edit this file to change values found and used by cmake.
# If you do not want to change any of the values, simply exit the editor.
# If you do want to change a value, simply edit, save, and exit the editor.
# The syntax for the file is as follows:
# KEY:TYPE=VALUE
# KEY is the name of a variable in the cache.
# TYPE is a hint to GUIs for the type of VALUE, DO NOT EDIT TYPE!.
# VALUE is the current value for the KEY.

########################
# EXTERNAL cache entries
########################

//Build benchmarks
BUILD_BENCHMARKS:BOOL=OFF

//Build Qt GUI applications
BUILD_GUI:BOOL=ON

//Build mining client software
BUILD_MINING_CLIENT:BOOL=ON

//Build static executables
BUILD_STATIC:BOOL=OFF

//Build test suite
BUILD_TESTS:BOOL=ON

//Path to a program.
CCACHE_PROGRAM:FILEPATH=CCACHE_PROGRAM-NOTFOUND

//Path to a program.
CMAKE_ADDR2LINE:FILEPATH=/usr/bin/addr2line

//Path to a program.
CMAKE_AR:FILEPATH=/usr/bin/ar

//Choose the type of build, options are: None Debug Release RelWithDebInfo
// MinSizeRel ...
CMAKE_BUILD_TYPE:STRING=

//Enable/Disable color output during build.
CMAKE_COLOR_MAKEFILE:BOOL=ON

//CXX compiler
CMAKE_CXX_COMPILER:FILEPATH=/usr/bin/c++

//LLVM archiver
CMAKE_CXX_COMPILER_AR:FILEPATH=/usr/bin/llvm-ar-20

//`clang-scan-deps` dependency scanner
CMAKE_CXX_COMPILER_CLANG_SCAN_DEPS:FILEPATH=/usr/bin/clang-scan-deps-20

//Generate index for LLVM archive
CMAKE_CXX_COMPILER_RANLIB:FILEPATH=/usr/bin/llvm-ranlib-20

//Flags used by the CXX compiler during all build types.
CMAKE_CXX_FLAGS:STRING=

//Flags used by the CXX compiler during DEBUG builds.
CMAKE_CXX_FLAGS_DEBUG:STRING=-g

//Flags used by the CXX compiler during MINSIZEREL builds.
CMAKE_CXX_FLAGS_MINSIZEREL:STRING=-Os -DNDEBUG

//Flags used by the CXX compiler during RELEASE builds.
CMAKE_CXX_FLAGS_RELEASE:STRING=-O3 -DNDEBUG

//Flags used by the CXX compiler during RELWITHDEBINFO builds.
CMAKE_CXX_FLAGS_RELWITHDEBINFO:STRING=-O2 -g -DNDEBUG

//C compiler
CMAKE_C_COMPILER:FILEPATH=/usr/bin/cc

//LLVM archiver
CMAKE_C_COMPILER_AR:FILEPATH=/usr/bin/llvm-ar-20

//`clang-scan-deps` dependency scanner
CMAKE_C_COMPILER_CLANG_SCAN_DEPS:FILEPATH=/usr/bin/clang-scan-deps-20

//Generate index for LLVM archive
CMAKE_C_COMPILER_RANLIB:FILEPATH=/usr/bin/llvm-ranlib-20

//Flags used by the C compiler during all build types.
CMAKE_C_FLAGS:STRING=

//Flags used by the C compiler during DEBUG builds.
CMAKE_C_FLAGS_DEBUG:STRING=-g

//Flags used by the C compiler during MINSIZEREL builds.
CMAKE_C_FLAGS_MINSIZEREL:STRING=-Os -DNDEBUG

//Flags used by the C compiler during RELEASE builds.
CMAKE_C_FLAGS_RELEASE:STRING=-O3 -DNDEBUG

//Flags used by the C compiler during RELWITHDEBINFO builds.
CMAKE_C_FLAGS_RELWITHDEBINFO:STRING=-O2 -g -DNDEBUG

//Path to a program.
CMAKE_DLLTOOL:FILEPATH=CMAKE_DLLTOOL-NOTFOUND

//Flags used by the linker during all build types.
CMAKE_EXE_LINKER_FLAGS:STRING=

//Flags used by the linker during DEBUG builds.
CMAKE_EXE_LINKER_FLAGS_DEBUG:STRING=

//Flags used by the linker during MINSIZEREL builds.
CMAKE_EXE_LINKER_FLAGS_MINSIZEREL:STRING=

//Flags used by the linker during RELEASE builds.
CMAKE_EXE_LINKER_FLAGS_RELEASE:STRING=

//Flags used by the linker during RELWITHDEBINFO builds.
CMAKE_EXE_LINKER_FLAGS_RELWITHDEBINFO:STRING=

//Enable/Disable output of compile commands during generation.
CMAKE_EXPORT_COMPILE_COMMANDS:BOOL=

//Value Computed by CMake.
CMAKE_FIND_PACKAGE_REDIRECTS_DIR:STATIC=/workspace/CMakeFiles/pkgRedirects

//User executables (bin)
CMAKE_INSTALL_BINDIR:PATH=bin

//Read-only architecture-independent data (DATAROOTDIR)
CMAKE_INSTALL_DATADIR:PATH=

//Read-only architecture-independent data root (share)
CMAKE_INSTALL_DATAROOTDIR:PATH=share

//Documentation root (DATAROOTDIR/doc/PROJECT_NAME)
CMAKE_INSTALL_DOCDIR:PATH=

//C header files (include)
CMAKE_INSTALL_INCLUDEDIR:PATH=include

//Info documentation (DATAROOTDIR/info)
CMAKE_INSTALL_INFODIR:PATH=

//Object code libraries (lib)
CMAKE_INSTALL_LIBDIR:PATH=lib

//Program executables (libexec)
CMAKE_INSTALL_LIBEXECDIR:PATH=libexec

//Locale-dependent data (DATAROOTDIR/locale)
CMAKE_INSTALL_LOCALEDIR:PATH=

//Modifiable single-machine data (var)
CMAKE_INSTALL_LOCALSTATEDIR:PATH=var

//Man documentation (DATAROOTDIR/man)
CMAKE_INSTALL_MANDIR:PATH=

//C header files for non-gcc (/usr/include)
CMAKE_INSTALL_OLDINCLUDEDIR:PATH=/usr/include

//Install path prefix, prepended onto install directories.
CMAKE_INSTALL_PREFIX:PATH=/usr/local

//Run-time variable data (LOCALSTATEDIR/run)
CMAKE_INSTALL_RUNSTATEDIR:PATH=

//System admin executables (sbin)
CMAKE_INSTALL_SBINDIR:PATH=sbin

//Modifiable architecture-independent data (com)
CMAKE_INSTALL_SHAREDSTATEDIR:PATH=com

//Read-only single-machine data (etc)
CMAKE_INSTALL_SYSCONFDIR:PATH=etc

//Path to a program.
CMAKE_LINKER:FILEPATH=/usr/bin/ld

//Path to a program.
CMAKE_MAKE_PROGRAM:FILEPATH=/usr/bin/gmake

//Flags used by the linker during the creation of modules during
// all build types.
CMAKE_MODULE_LINKER_FLAGS:STRING=

//Flags used by the linker during the creation of modules during
// DEBUG builds.
CMAKE_MODULE_LINKER_FLAGS_DEBUG:STRING=

//Flags used by the linker during the creation of modules during
// MINSIZEREL builds.
CMAKE_MODULE_LINKER_FLAGS_MINSIZEREL:STRING=

//Flags used by the linker during the creation of modules during
// RELEASE builds.
CMAKE_MODULE_LINKER_FLAGS_RELEASE:STRING=

//Flags used by the linker during the creation of modules during
// RELWITHDEBINFO builds.
CMAKE_MODULE_LINKER_FLAGS_RELWITHDEBINFO:STRING=

//Path to a program.
CMAKE_NM:FILEPATH=/usr/bin/nm

//Path to a program.
CMAKE_OBJCOPY:FILEPATH=/usr/bin/objcopy

//Path to a program.
CMAKE_OBJDUMP:FILEPATH=/usr/bin/objdump

//Value Computed by CMake
CMAKE_PROJECT_DESCRIPTION:STATIC=

//Value Computed by CMake
CMAKE_PROJECT_HOMEPAGE_URL:STATIC=

//Value Computed by CMake
CMAKE_PROJECT_NAME:STATIC=GXC_Blockchain

//Value Computed by CMake
CMAKE_PROJECT_VERSION:STATIC=2.0.0

//Value Computed by CMake
CMAKE_PROJECT_VERSION_MAJOR:STATIC=2

//Value Computed by CMake
CMAKE_PROJECT_VERSION_MINOR:STATIC=0

//Value Computed by CMake
CMAKE_PROJECT_VERSION_PATCH:STATIC=0

//Value Computed by CMake
CMAKE_PROJECT_VERSION_TWEAK:STATIC=

//Path to a program.
CMAKE_RANLIB:FILEPATH=/usr/bin/ranlib

//Path to a program.
CMAKE_READELF:FILEPATH=/usr/bin/readelf

//Flags used by the linker during the creation of shared libraries
// during all build types.
CMAKE_SHARED_LINKER_FLAGS:STRING=

//Flags used by the linker during the creation of shared libraries
// during DEBUG builds.
CMAKE_SHARED_LINKER_FLAGS_DEBUG:STRING=

//Flags used by the linker during the creation of shared libraries
// during MINSIZEREL builds.
CMAKE_SHARED_LINKER_FLAGS_MINSIZEREL:STRING=

//Flags used by the linker during the creation of shared libraries
// during RELEASE builds.
CMAKE_SHARED_LINKER_FLAGS_RELEASE:STRING=

//Flags used by the linker during the creation of shared libraries
// during RELWITHDEBINFO builds.
CMAKE_SHARED_LINKER_FLAGS_RELWITHDEBINFO:STRING=

//If set, runtime paths are not added when installing shared libraries,
// but are added when building.
CMAKE_SKIP_INSTALL_RPATH:BOOL=NO

//If set, runtime paths are not added when using shared libraries.
CMAKE_SKIP_RPATH:BOOL=NO

//Flags used by the linker during the creation of static libraries
// during all build types.
CMAKE_STATIC_LINKER_FLAGS:STRING=

//Flags used by the linker during the creation of static libraries
// during DEBUG builds.
CMAKE_STATIC_LINKER_FLAGS_DEBUG:STRING=

//Flags used by the linker during the creation of static libraries
// during MINSIZEREL builds.
CMAKE_STATIC_LINKER_FLAGS_MINSIZEREL:STRING=

//Flags used by the linker during the creation of static libraries
// during RELEASE builds.
CMAKE_STATIC_LINKER_FLAGS_RELEASE:STRING=

//Flags used by the linker during the creation of static libraries
// during RELWITHDEBINFO builds.
CMAKE_STATIC_LINKER_FLAGS_RELWITHDEBINFO:STRING=

//Path to a program.
CMAKE_STRIP:FILEPATH=/usr/bin/strip

//Path to a program.
CMAKE_TAPI:FILEPATH=CMAKE_TAPI-NOTFOUND

//If this value is on, makefiles will be generated without the
// .SILENT directive, and all commands will be echoed to the console
// during the make.  This is useful for debugging only. With Visual
// Studio IDE projects all commands are done without /nologo.
CMAKE_VERBOSE_MAKEFILE:BOOL=FALSE

//Enable to build RPM source packages
CPACK_SOURCE_RPM:BOOL=OFF

//Enable to build TBZ2 source packages
CPACK_SOURCE_TBZ2:BOOL=ON

//Enable to build TGZ source packages
CPACK_SOURCE_TGZ:BOOL=ON

//Enable to build TXZ source packages
CPACK_SOURCE_TXZ:BOOL=ON

//Enable to build TZ source packages
CPACK_SOURCE_TZ:BOOL=ON

//Enable to build ZIP source packages
CPACK_SOURCE_ZIP:BOOL=OFF

//Compile device code in 64 bit mode
CUDA_64_BIT_DEVICE_CODE:BOOL=ON

//Attach the build rule to the CUDA source file.  Enable only when
// the CUDA source file is added to at most one target.
CUDA_ATTACH_VS_BUILD_RULE_TO_CUDA_FILE:BOOL=ON

//Generate and parse .cubin files in Device mode.
CUDA_BUILD_CUBIN:BOOL=OFF

//Build in Emulation mode
CUDA_BUILD_EMULATION:BOOL=OFF

//"cudart" library
CUDA_CUDART_LIBRARY:FILEPATH=CUDA_CUDART_LIBRARY-NOTFOUND

//"cuda" library (older versions only).
CUDA_CUDA_LIBRARY:FILEPATH=CUDA_CUDA_LIBRARY-NOTFOUND

//Directory to put all the output files.  If blank it will default
// to the CMAKE_CURRENT_BINARY_DIR
CUDA_GENERATED_OUTPUT_DIR:PATH=

//Generated file extension
CUDA_HOST_COMPILATION_CPP:BOOL=ON

//Host side compiler used by NVCC
CUDA_HOST_COMPILER:FILEPATH=/usr/bin/cc

//Path to a program.
CUDA_NVCC_EXECUTABLE:FILEPATH=CUDA_NVCC_EXECUTABLE-NOTFOUND

//Semi-colon delimit multiple arguments. during all build types.
CUDA_NVCC_FLAGS:STRING=

//Semi-colon delimit multiple arguments. during DEBUG builds.
CUDA_NVCC_FLAGS_DEBUG:STRING=

//Semi-colon delimit multiple arguments. during MINSIZEREL builds.
CUDA_NVCC_FLAGS_MINSIZEREL:STRING=

//Semi-colon delimit multiple arguments. during RELEASE builds.
CUDA_NVCC_FLAGS_RELEASE:STRING=

//Semi-colon delimit multiple arguments. during RELWITHDEBINFO
// builds.
CUDA_NVCC_FLAGS_RELWITHDEBINFO:STRING=

//Propagate C/CXX_FLAGS and friends to the host compiler via -Xcompile
CUDA_PROPAGATE_HOST_FLAGS:BOOL=ON

//Path to a file.
CUDA_SDK_ROOT_DIR:PATH=CUDA_SDK_ROOT_DIR-NOTFOUND

//Compile CUDA objects with separable compilation enabled.  Requires
// CUDA 5.0+
CUDA_SEPARABLE_COMPILATION:BOOL=OFF

//Path to a file.
CUDA_TOOLKIT_INCLUDE:PATH=CUDA_TOOLKIT_INCLUDE-NOTFOUND

//Print out the commands run while compiling the CUDA source file.
//  With the Makefile generator this defaults to VERBOSE variable
// specified on the command line, but can be forced on with this
// option.
CUDA_VERBOSE_BUILD:BOOL=OFF

//"cublas" library
CUDA_cublas_LIBRARY:FILEPATH=CUDA_cublas_LIBRARY-NOTFOUND

//"cublasemu" library
CUDA_cublasemu_LIBRARY:FILEPATH=CUDA_cublasemu_LIBRARY-NOTFOUND

//"cufft" library
CUDA_cufft_LIBRARY:FILEPATH=CUDA_cufft_LIBRARY-NOTFOUND

//"cufftemu" library
CUDA_cufftemu_LIBRARY:FILEPATH=CUDA_cufftemu_LIBRARY-NOTFOUND

//Enable ccache for faster compilation
ENABLE_CCACHE:BOOL=ON

//Enable Link Time Optimization
ENABLE_LTO:BOOL=OFF

//Enable profiling support
ENABLE_PROFILING:BOOL=OFF

//Path to a library.
GMOCK_LIBRARY:FILEPATH=GMOCK_LIBRARY-NOTFOUND

//Path to a library.
GMOCK_LIBRARY_DEBUG:FILEPATH=GMOCK_LIBRARY_DEBUG-NOTFOUND

//Path to a library.
GMOCK_MAIN_LIBRARY:FILEPATH=GMOCK_MAIN_LIBRARY-NOTFOUND

//Path to a library.
GMOCK_MAIN_LIBRARY_DEBUG:FILEPATH=GMOCK_MAIN_LIBRARY_DEBUG-NOTFOUND

//Path to a file.
GTEST_INCLUDE_DIR:PATH=GTEST_INCLUDE_DIR-NOTFOUND

//Path to a library.
GTEST_LIBRARY:FILEPATH=GTEST_LIBRARY-NOTFOUND

//Path to a library.
GTEST_LIBRARY_DEBUG:FILEPATH=GTEST_LIBRARY_DEBUG-NOTFOUND

//Path to a library.
GTEST_MAIN_LIBRARY:FILEPATH=GTEST_MAIN_LIBRARY-NOTFOUND

//Path to a library.
GTEST_MAIN_LIBRARY_DEBUG:FILEPATH=GTEST_MAIN_LIBRARY_DEBUG-NOTFOUND

//The directory containing a CMake configuration file for GTest.
GTest_DIR:PATH=GTest_DIR-NOTFOUND

//Value Computed by CMake
GXC_Blockchain_BINARY_DIR:STATIC=/workspace

//Value Computed by CMake
GXC_Blockchain_IS_TOP_LEVEL:STATIC=ON

//Value Computed by CMake
GXC_Blockchain_SOURCE_DIR:STATIC=/workspace

//Path to a library.
OPENSSL_CRYPTO_LIBRARY:FILEPATH=/usr/lib/x86_64-linux-gnu/libcrypto.so

//Path to a file.
OPENSSL_INCLUDE_DIR:PATH=/usr/include

//Path to a library.
OPENSSL_SSL_LIBRARY:FILEPATH=/usr/lib/x86_64-linux-gnu/libssl.so

//Path to a file.
OpenCL_INCLUDE_DIR:PATH=OpenCL_INCLUDE_DIR-NOTFOUND

//Path to a library.
OpenCL_LIBRARY:FILEPATH=OpenCL_LIBRARY-NOTFOUND

//Arguments to supply to pkg-config
PKG_CONFIG_ARGN:STRING=

//pkg-config executable
PKG_CONFIG_EXECUTABLE:FILEPATH=/usr/bin/pkg-config

//The directory containing a CMake configuration file for Qt5.
Qt5_DIR:PATH=Qt5_DIR-NOTFOUND

//The directory containing a CMake configuration file for Qt6.
Qt6_DIR:PATH=Qt6_DIR-NOTFOUND

//Path to a file.
SQLite3_INCLUDE_DIR:PATH=/usr/include

//Path to a library.
SQLite3_LIBRARY:FILEPATH=/usr/lib/x86_64-linux-gnu/libsqlite3.so

//The directory containing a CMake configuration file for cryptopp.
cryptopp_DIR:PATH=cryptopp_DIR-NOTFOUND

//The directory containing a CMake configuration file for leveldb.
leveldb_DIR:PATH=leveldb_DIR-NOTFOUND

//The directory containing a CMake configuration file for nlohmann_json.
nlohmann_json_DIR:PATH=/usr/share/cmake/nlohmann_json

//Path to a library.
pkgcfg_lib_PC_SQLite3_sqlite3:FILEPATH=/usr/lib/x86_64-linux-gnu/libsqlite3.so

//Path to a library.
pkgcfg_lib_SYSTEMD_systemd:FILEPATH=/usr/lib/x86_64-linux-gnu/libsystemd.so

//Path to a library.
pkgcfg_lib__OPENSSL_crypto:FILEPATH=/usr/lib/x86_64-linux-gnu/libcrypto.so

//Path to a library.
pkgcfg_lib__OPENSSL_ssl:FILEPATH=/usr/lib/x86_64-linux-gnu/libssl.so

//The directory containing a CMake configuration file for pybind11.
pybind11_DIR:PATH=pybind11_DIR-NOTFOUND

//The directory containing a CMake configuration file for websocketpp.
websocketpp_DIR:PATH=websocketpp_DIR-NOTFOUND


########################
# INTERNAL cache entries
########################

//ADVANCED property for variable: CMAKE_ADDR2LINE
CMAKE_ADDR2LINE-ADVANCED:INTERNAL=1
//ADVANCED property for variable: CMAKE_AR
CMAKE_AR-ADVANCED:INTERNAL=1
//This is the directory where this CMakeCache.txt was created
CMAKE_CACHEFILE_DIR:INTERNAL=/workspace
//Major version of cmake used to create the current loaded cache
CMAKE_CACHE_MAJOR_VERSION:INTERNAL=3
//Minor version of cmake used to create the current loaded cache
CMAKE_CACHE_MINOR_VERSION:INTERNAL=31
//Patch version of cmake used to create the current loaded cache
CMAKE_CACHE_PATCH_VERSION:INTERNAL=6
//ADVANCED property for variable: CMAKE_COLOR_MAKEFILE
CMAKE_COLOR_MAKEFILE-ADVANCED:INTERNAL=1
//Path to CMake executable.
CMAKE_COMMAND:INTERNAL=/usr/bin/cmake
//Path to cpack program executable.
CMAKE_CPACK_COMMAND:INTERNAL=/usr/bin/cpack
//Path to ctest program executable.
CMAKE_CTEST_COMMAND:INTERNAL=/usr/bin/ctest
//ADVANCED property for variable: CMAKE_CXX_COMPILER
CMAKE_CXX_COMPILER-ADVANCED:INTERNAL=1
//ADVANCED property for variable: CMAKE_CXX_COMPILER_AR
CMAKE_CXX_COMPILER_AR-ADVANCED:INTERNAL=1
//ADVANCED property for variable: CMAKE_CXX_COMPILER_CLANG_SCAN_DEPS
CMAKE_CXX_COMPILER_CLANG_SCAN_DEPS-ADVANCED:INTERNAL=1
//ADVANCED property for variable: CMAKE_CXX_COMPILER_RANLIB
CMAKE_CXX_COMPILER_RANLIB-ADVANCED:INTERNAL=1
//ADVANCED property for variable: CMAKE_CXX_FLAGS
CMAKE_CXX_FLAGS-ADVANCED:INTERNAL=1
//ADVANCED property for variable: CMAKE_CXX_FLAGS_DEBUG
CMAKE_CXX_FLAGS_DEBUG-ADVANCED:INTERNAL=1
//ADVANCED property for variable: CMAKE_CXX_FLAGS_MINSIZEREL
CMAKE_CXX_FLAGS_MINSIZEREL-ADVANCED:INTERNAL=1
//ADVANCED property for variable: CMAKE_CXX_FLAGS_RELEASE
CMAKE_CXX_FLAGS_RELEASE-ADVANCED:INTERNAL=1
//ADVANCED property for variable: CMAKE_CXX_FLAGS_RELWITHDEBINFO
CMAKE_CXX_FLAGS_RELWITHDEBINFO-ADVANCED:INTERNAL=1
//ADVANCED property for variable: CMAKE_C_COMPILER
CMAKE_C_COMPILER-ADVANCED:INTERNAL=1
//ADVANCED property for variable: CMAKE_C_COMPILER_AR
CMAKE_C_COMPILER_AR-ADVANCED:INTERNAL=1
//ADVANCED property for variable: CMAKE_C_COMPILER_CLANG_SCAN_DEPS
CMAKE_C_COMPILER_CLANG_SCAN_DEPS-ADVANCED:INTERNAL=1
//ADVANCED property for variable: CMAKE_C_COMPILER_RANLIB
CMAKE_C_COMPILER_RANLIB-ADVANCED:INTERNAL=1
//ADVANCED property for variable: CMAKE_C_FLAGS
CMAKE_C_FLAGS-ADVANCED:INTERNAL=1
//ADVANCED property for variable: CMAKE_C_FLAGS_DEBUG
CMAKE_C_FLAGS_DEBUG-ADVANCED:INTERNAL=1
//ADVANCED property for variable: CMAKE_C_FLAGS_MINSIZEREL
CMAKE_C_FLAGS_MINSIZEREL-ADVANCED:INTERNAL=1
//ADVANCED property for variable: CMAKE_C_FLAGS_RELEASE
CMAKE_C_FLAGS_RELEASE-ADVANCED:INTERNAL=1
//ADVANCED property for variable: CMAKE_C_FLAGS_RELWITHDEBINFO
CMAKE_C_FLAGS_RELWITHDEBINFO-ADVANCED:INTERNAL=1
//ADVANCED property for variable: CMAKE_DLLTOOL
CMAKE_DLLTOOL-ADVANCED:INTERNAL=1
//Executable file format
CMAKE_EXECUTABLE_FORMAT:INTERNAL=ELF
//ADVANCED property for variable: CMAKE_EXE_LINKER_FLAGS
CMAKE_EXE_LINKER_FLAGS-ADVANCED:INTERNAL=1
//ADVANCED property for variable: CMAKE_EXE_LINKER_FLAGS_DEBUG
CMAKE_EXE_LINKER_FLAGS_DEBUG-ADVANCED:INTERNAL=1
//ADVANCED property for variable: CMAKE_EXE_LINKER_FLAGS_MINSIZEREL
CMAKE_EXE_LINKER_FLAGS_MINSIZEREL-ADVANCED:INTERNAL=1
//ADVANCED property for variable: CMAKE_EXE_LINKER_FLAGS_RELEASE
CMAKE_EXE_LINKER_FLAGS_RELEASE-ADVANCED:INTERNAL=1
//ADVANCED property for variable: CMAKE_EXE_LINKER_FLAGS_RELWITHDEBINFO
CMAKE_EXE_LINKER_FLAGS_RELWITHDEBINFO-ADVANCED:INTERNAL=1
//ADVANCED property for variable: CMAKE_EXPORT_COMPILE_COMMANDS
CMAKE_EXPORT_COMPILE_COMMANDS-ADVANCED:INTERNAL=1
//Name of external makefile project generator.
CMAKE_EXTRA_GENERATOR:INTERNAL=
//Name of generator.
CMAKE_GENERATOR:INTERNAL=Unix Makefiles
//Generator instance identifier.
CMAKE_GENERATOR_INSTANCE:INTERNAL=
//Name of generator platform.
CMAKE_GENERATOR_PLATFORM:INTERNAL=
//Name of generator toolset.
CMAKE_GENERATOR_TOOLSET:INTERNAL=
//Test CMAKE_HAVE_LIBC_PTHREAD
CMAKE_HAVE_LIBC_PTHREAD:INTERNAL=1
//Source directory with the top level CMakeLists.txt file for this
// project
CMAKE_HOME_DIRECTORY:INTERNAL=/workspace
//ADVANCED property for variable: CMAKE_INSTALL_BINDIR
CMAKE_INSTALL_BINDIR-ADVANCED:INTERNAL=1
//ADVANCED property for variable: CMAKE_INSTALL_DATADIR
CMAKE_INSTALL_DATADIR-ADVANCED:INTERNAL=1
//ADVANCED property for variable: CMAKE_INSTALL_DATAROOTDIR
CMAKE_INSTALL_DATAROOTDIR-ADVANCED:INTERNAL=1
//ADVANCED property for variable: CMAKE_INSTALL_DOCDIR
CMAKE_INSTALL_DOCDIR-ADVANCED:INTERNAL=1
//ADVANCED property for variable: CMAKE_INSTALL_INCLUDEDIR
CMAKE_INSTALL_INCLUDEDIR-ADVANCED:INTERNAL=1
//ADVANCED property for variable: CMAKE_INSTALL_INFODIR
CMAKE_INSTALL_INFODIR-ADVANCED:INTERNAL=1
//ADVANCED property for variable: CMAKE_INSTALL_LIBDIR
CMAKE_INSTALL_LIBDIR-ADVANCED:INTERNAL=1
//ADVANCED property for variable: CMAKE_INSTALL_LIBEXECDIR
CMAKE_INSTALL_LIBEXECDIR-ADVANCED:INTERNAL=1
//ADVANCED property for variable: CMAKE_INSTALL_LOCALEDIR
CMAKE_INSTALL_LOCALEDIR-ADVANCED:INTERNAL=1
//ADVANCED property for variable: CMAKE_INSTALL_LOCALSTATEDIR
CMAKE_INSTALL_LOCALSTATEDIR-ADVANCED:INTERNAL=1
//ADVANCED property for variable: CMAKE_INSTALL_MANDIR
CMAKE_INSTALL_MANDIR-ADVANCED:INTERNAL=1
//ADVANCED property for variable: CMAKE_INSTALL_OLDINCLUDEDIR
CMAKE_INSTALL_OLDINCLUDEDIR-ADVANCED:INTERNAL=1
//ADVANCED property for variable: CMAKE_INSTALL_RUNSTATEDIR
CMAKE_INSTALL_RUNSTATEDIR-ADVANCED:INTERNAL=1
//ADVANCED property for variable: CMAKE_INSTALL_SBINDIR
CMAKE_INSTALL_SBINDIR-ADVANCED:INTERNAL=1
//ADVANCED property for variable: CMAKE_INSTALL_SHAREDSTATEDIR
CMAKE_INSTALL_SHAREDSTATEDIR-ADVANCED:INTERNAL=1
//Install .so files without execute permission.
CMAKE_INSTALL_SO_NO_EXE:INTERNAL=1
//ADVANCED property for variable: CMAKE_INSTALL_SYSCONFDIR
CMAKE_INSTALL_SYSCONFDIR-ADVANCED:INTERNAL=1
//ADVANCED property for variable: CMAKE_LINKER
CMAKE_LINKER-ADVANCED:INTERNAL=1
//ADVANCED property for variable: CMAKE_MAKE_PROGRAM
CMAKE_MAKE_PROGRAM-ADVANCED:INTERNAL=1
//ADVANCED property for variable: CMAKE_MODULE_LINKER_FLAGS
CMAKE_MODULE_LINKER_FLAGS-ADVANCED:INTERNAL=1
//ADVANCED property for variable: CMAKE_MODULE_LINKER_FLAGS_DEBUG
CMAKE_MODULE_LINKER_FLAGS_DEBUG-ADVANCED:INTERNAL=1
//ADVANCED property for variable: CMAKE_MODULE_LINKER_FLAGS_MINSIZEREL
CMAKE_MODULE_LINKER_FLAGS_MINSIZEREL-ADVANCED:INTERNAL=1
//ADVANCED property for variable: CMAKE_MODULE_LINKER_FLAGS_RELEASE
CMAKE_MODULE_LINKER_FLAGS_RELEASE-ADVANCED:INTERNAL=1
//ADVANCED property for variable: CMAKE_MODULE_LINKER_FLAGS_RELWITHDEBINFO
CMAKE_MODULE_LINKER_FLAGS_RELWITHDEBINFO-ADVANCED:INTERNAL=1
//ADVANCED property for variable: CMAKE_NM
CMAKE_NM-ADVANCED:INTERNAL=1
//number of local generators
CMAKE_NUMBER_OF_MAKEFILES:INTERNAL=1
//ADVANCED property for variable: CMAKE_OBJCOPY
CMAKE_OBJCOPY-ADVANCED:INTERNAL=1
//ADVANCED property for variable: CMAKE_OBJDUMP
CMAKE_OBJDUMP-ADVANCED:INTERNAL=1
//Platform information initialized
CMAKE_PLATFORM_INFO_INITIALIZED:INTERNAL=1
//ADVANCED property for variable: CMAKE_RANLIB
CMAKE_RANLIB-ADVANCED:INTERNAL=1
//ADVANCED property for variable: CMAKE_READELF
CMAKE_READELF-ADVANCED:INTERNAL=1
//Path to CMake installation.
CMAKE_ROOT:INTERNAL=/usr/share/cmake-3.31
//ADVANCED property for variable: CMAKE_SHARED_LINKER_FLAGS
CMAKE_SHARED_LINKER_FLAGS-ADVANCED:INTERNAL=1
//ADVANCED property for variable: CMAKE_SHARED_LINKER_FLAGS_DEBUG
CMAKE_SHARED_LINKER_FLAGS_DEBUG-ADVANCED:INTERNAL=1
//ADVANCED property for variable: CMAKE_SHARED_LINKER_FLAGS_MINSIZEREL
CMAKE_SHARED_LINKER_FLAGS_MINSIZEREL-ADVANCED:INTERNAL=1
//ADVANCED property for variable: CMAKE_SHARED_LINKER_FLAGS_RELEASE
CMAKE_SHARED_LINKER_FLAGS_RELEASE-ADVANCED:INTERNAL=1
//ADVANCED property for variable: CMAKE_SHARED_LINKER_FLAGS_RELWITHDEBINFO
CMAKE_SHARED_LINKER_FLAGS_RELWITHDEBINFO-ADVANCED:INTERNAL=1
//ADVANCED property for variable: CMAKE_SKIP_INSTALL_RPATH
CMAKE_SKIP_INSTALL_RPATH-ADVANCED:INTERNAL=1
//ADVANCED property for variable: CMAKE_SKIP_RPATH
CMAKE_SKIP_RPATH-ADVANCED:INTERNAL=1
//ADVANCED property for variable: CMAKE_STATIC_LINKER_FLAGS
CMAKE_STATIC_LINKER_FLAGS-ADVANCED:INTERNAL=1
//ADVANCED property for variable: CMAKE_STATIC_LINKER_FLAGS_DEBUG
CMAKE_STATIC_LINKER_FLAGS_DEBUG-ADVANCED:INTERNAL=1
//ADVANCED property for variable: CMAKE_STATIC_LINKER_FLAGS_MINSIZEREL
CMAKE_STATIC_LINKER_FLAGS_MINSIZEREL-ADVANCED:INTERNAL=1
//ADVANCED property for variable: CMAKE_STATIC_LINKER_FLAGS_RELEASE
CMAKE_STATIC_LINKER_FLAGS_RELEASE-ADVANCED:INTERNAL=1
//ADVANCED property for variable: CMAKE_STATIC_LINKER_FLAGS_RELWITHDEBINFO
CMAKE_STATIC_LINKER_FLAGS_RELWITHDEBINFO-ADVANCED:INTERNAL=1
//ADVANCED property for variable: CMAKE_STRIP
CMAKE_STRIP-ADVANCED:INTERNAL=1
//ADVANCED property for variable: CMAKE_TAPI
CMAKE_TAPI-ADVANCED:INTERNAL=1
//uname command
CMAKE_UNAME:INTERNAL=/usr/bin/uname
//ADVANCED property for variable: CMAKE_VERBOSE_MAKEFILE
CMAKE_VERBOSE_MAKEFILE-ADVANCED:INTERNAL=1
//ADVANCED property for variable: CPACK_SOURCE_RPM
CPACK_SOURCE_RPM-ADVANCED:INTERNAL=1
//ADVANCED property for variable: CPACK_SOURCE_TBZ2
CPACK_SOURCE_TBZ2-ADVANCED:INTERNAL=1
//ADVANCED property for variable: CPACK_SOURCE_TGZ
CPACK_SOURCE_TGZ-ADVANCED:INTERNAL=1
//ADVANCED property for variable: CPACK_SOURCE_TXZ
CPACK_SOURCE_TXZ-ADVANCED:INTERNAL=1
//ADVANCED property for variable: CPACK_SOURCE_TZ
CPACK_SOURCE_TZ-ADVANCED:INTERNAL=1
//ADVANCED property for variable: CPACK_SOURCE_ZIP
CPACK_SOURCE_ZIP-ADVANCED:INTERNAL=1
//ADVANCED property for variable: CUDA_64_BIT_DEVICE_CODE
CUDA_64_BIT_DEVICE_CODE-ADVANCED:INTERNAL=1
//ADVANCED property for variable: CUDA_ATTACH_VS_BUILD_RULE_TO_CUDA_FILE
CUDA_ATTACH_VS_BUILD_RULE_TO_CUDA_FILE-ADVANCED:INTERNAL=1
//ADVANCED property for variable: CUDA_BUILD_CUBIN
CUDA_BUILD_CUBIN-ADVANCED:INTERNAL=1
//ADVANCED property for variable: CUDA_BUILD_EMULATION
CUDA_BUILD_EMULATION-ADVANCED:INTERNAL=1
//ADVANCED property for variable: CUDA_CUDART_LIBRARY
CUDA_CUDART_LIBRARY-ADVANCED:INTERNAL=1
//ADVANCED property for variable: CUDA_CUDA_LIBRARY
CUDA_CUDA_LIBRARY-ADVANCED:INTERNAL=1
//ADVANCED property for variable: CUDA_GENERATED_OUTPUT_DIR
CUDA_GENERATED_OUTPUT_DIR-ADVANCED:INTERNAL=1
//ADVANCED property for variable: CUDA_HOST_COMPILATION_CPP
CUDA_HOST_COMPILATION_CPP-ADVANCED:INTERNAL=1
//ADVANCED property for variable: CUDA_NVCC_EXECUTABLE
CUDA_NVCC_EXECUTABLE-ADVANCED:INTERNAL=1
//ADVANCED property for variable: CUDA_NVCC_FLAGS
CUDA_NVCC_FLAGS-ADVANCED:INTERNAL=1
//ADVANCED property for variable: CUDA_NVCC_FLAGS_DEBUG
CUDA_NVCC_FLAGS_DEBUG-ADVANCED:INTERNAL=1
//ADVANCED property for variable: CUDA_NVCC_FLAGS_MINSIZEREL
CUDA_NVCC_FLAGS_MINSIZEREL-ADVANCED:INTERNAL=1
//ADVANCED property for variable: CUDA_NVCC_FLAGS_RELEASE
CUDA_NVCC_FLAGS_RELEASE-ADVANCED:INTERNAL=1
//ADVANCED property for variable: CUDA_NVCC_FLAGS_RELWITHDEBINFO
CUDA_NVCC_FLAGS_RELWITHDEBINFO-ADVANCED:INTERNAL=1
//ADVANCED property for variable: CUDA_PROPAGATE_HOST_FLAGS
CUDA_PROPAGATE_HOST_FLAGS-ADVANCED:INTERNAL=1
//This is the value of the last time CUDA_SDK_ROOT_DIR was set
// successfully.
CUDA_SDK_ROOT_DIR_INTERNAL:INTERNAL=CUDA_SDK_ROOT_DIR-NOTFOUND
//ADVANCED property for variable: CUDA_SEPARABLE_COMPILATION
CUDA_SEPARABLE_COMPILATION-ADVANCED:INTERNAL=1
//ADVANCED property for variable: CUDA_TOOLKIT_INCLUDE
CUDA_TOOLKIT_INCLUDE-ADVANCED:INTERNAL=1
//This is the value of the last time CUDA_TOOLKIT_ROOT_DIR was
// set successfully.
CUDA_TOOLKIT_ROOT_DIR_INTERNAL:INTERNAL=
//This is the value of the last time CUDA_TOOLKIT_TARGET_DIR was
// set successfully.
CUDA_TOOLKIT_TARGET_DIR_INTERNAL:INTERNAL=
CUDA_USE_STATIC_CUDA_RUNTIME:INTERNAL=OFF
//ADVANCED property for variable: CUDA_VERBOSE_BUILD
CUDA_VERBOSE_BUILD-ADVANCED:INTERNAL=1
//ADVANCED property for variable: CUDA_cublas_LIBRARY
CUDA_cublas_LIBRARY-ADVANCED:INTERNAL=1
//ADVANCED property for variable: CUDA_cublasemu_LIBRARY
CUDA_cublasemu_LIBRARY-ADVANCED:INTERNAL=1
//ADVANCED property for variable: CUDA_cufft_LIBRARY
CUDA_cufft_LIBRARY-ADVANCED:INTERNAL=1
//ADVANCED property for variable: CUDA_cufftemu_LIBRARY
CUDA_cufftemu_LIBRARY-ADVANCED:INTERNAL=1
//Location of make2cmake.cmake
CUDA_make2cmake:INTERNAL=/usr/share/cmake-3.31/Modules/FindCUDA/make2cmake.cmake
//Location of parse_cubin.cmake
CUDA_parse_cubin:INTERNAL=/usr/share/cmake-3.31/Modules/FindCUDA/parse_cubin.cmake
//Location of run_nvcc.cmake
CUDA_run_nvcc:INTERNAL=/usr/share/cmake-3.31/Modules/FindCUDA/run_nvcc.cmake
//Details about finding PkgConfig
FIND_PACKAGE_MESSAGE_DETAILS_PkgConfig:INTERNAL=[/usr/bin/pkg-config][v1.8.1()]
//Details about finding Python3
FIND_PACKAGE_MESSAGE_DETAILS_Python3:INTERNAL=[/usr/bin/python3][/usr/include/python3.13][/usr/lib/x86_64-linux-gnu/libpython3.13.so][cfound components: Interpreter Development Development.Module Development.Embed ][v3.13.3()]
//Details about finding SQLite3
FIND_PACKAGE_MESSAGE_DETAILS_SQLite3:INTERNAL=[/usr/include][/usr/lib/x86_64-linux-gnu/libsqlite3.so][v3.46.1()]
//Details about finding Threads
FIND_PACKAGE_MESSAGE_DETAILS_Threads:INTERNAL=[TRUE][v()]
//ADVANCED property for variable: GMOCK_LIBRARY
GMOCK_LIBRARY-ADVANCED:INTERNAL=1
//ADVANCED property for variable: GMOCK_LIBRARY_DEBUG
GMOCK_LIBRARY_DEBUG-ADVANCED:INTERNAL=1
//ADVANCED property for variable: GMOCK_MAIN_LIBRARY
GMOCK_MAIN_LIBRARY-ADVANCED:INTERNAL=1
//ADVANCED property for variable: GMOCK_MAIN_LIBRARY_DEBUG
GMOCK_MAIN_LIBRARY_DEBUG-ADVANCED:INTERNAL=1
//ADVANCED property for variable: GTEST_INCLUDE_DIR
GTEST_INCLUDE_DIR-ADVANCED:INTERNAL=1
//ADVANCED property for variable: GTEST_LIBRARY
GTEST_LIBRARY-ADVANCED:INTERNAL=1
//ADVANCED property for variable: GTEST_LIBRARY_DEBUG
GTEST_LIBRARY_DEBUG-ADVANCED:INTERNAL=1
//ADVANCED property for variable: GTEST_MAIN_LIBRARY
GTEST_MAIN_LIBRARY-ADVANCED:INTERNAL=1
//ADVANCED property for variable: GTEST_MAIN_LIBRARY_DEBUG
GTEST_MAIN_LIBRARY_DEBUG-ADVANCED:INTERNAL=1
//Have symbol CL_VERSION_1_0
OPENCL_VERSION_1_0:INTERNAL=
//Have symbol CL_VERSION_1_1
OPENCL_VERSION_1_1:INTERNAL=
//Have symbol CL_VERSION_1_2
OPENCL_VERSION_1_2:INTERNAL=
//Have symbol CL_VERSION_2_0
OPENCL_VERSION_2_0:INTERNAL=
//Have symbol CL_VERSION_2_1
OPENCL_VERSION_2_1:INTERNAL=
//Have symbol CL_VERSION_2_2
OPENCL_VERSION_2_2:INTERNAL=
//Have symbol CL_VERSION_3_0
OPENCL_VERSION_3_0:INTERNAL=
//ADVANCED property for variable: OPENSSL_CRYPTO_LIBRARY
OPENSSL_CRYPTO_LIBRARY-ADVANCED:INTERNAL=1
//ADVANCED property for variable: OPENSSL_INCLUDE_DIR
OPENSSL_INCLUDE_DIR-ADVANCED:INTERNAL=1
//ADVANCED property for variable: OPENSSL_SSL_LIBRARY
OPENSSL_SSL_LIBRARY-ADVANCED:INTERNAL=1
//ADVANCED property for variable: OpenCL_INCLUDE_DIR
OpenCL_INCLUDE_DIR-ADVANCED:INTERNAL=1
//ADVANCED property for variable: OpenCL_LIBRARY
OpenCL_LIBRARY-ADVANCED:INTERNAL=1
PC_SQLite3_CFLAGS:INTERNAL=-I/usr/include
PC_SQLite3_CFLAGS_I:INTERNAL=
PC_SQLite3_CFLAGS_OTHER:INTERNAL=
PC_SQLite3_FOUND:INTERNAL=1
PC_SQLite3_INCLUDEDIR:INTERNAL=/usr/include
PC_SQLite3_INCLUDE_DIRS:INTERNAL=/usr/include
PC_SQLite3_LDFLAGS:INTERNAL=-L/usr/lib/x86_64-linux-gnu;-lsqlite3
PC_SQLite3_LDFLAGS_OTHER:INTERNAL=
PC_SQLite3_LIBDIR:INTERNAL=/usr/lib/x86_64-linux-gnu
PC_SQLite3_LIBRARIES:INTERNAL=sqlite3
PC_SQLite3_LIBRARY_DIRS:INTERNAL=/usr/lib/x86_64-linux-gnu
PC_SQLite3_LIBS:INTERNAL=
PC_SQLite3_LIBS_L:INTERNAL=
PC_SQLite3_LIBS_OTHER:INTERNAL=
PC_SQLite3_LIBS_PATHS:INTERNAL=
PC_SQLite3_MODULE_NAME:INTERNAL=sqlite3
PC_SQLite3_PREFIX:INTERNAL=/usr
PC_SQLite3_STATIC_CFLAGS:INTERNAL=-I/usr/include
PC_SQLite3_STATIC_CFLAGS_I:INTERNAL=
PC_SQLite3_STATIC_CFLAGS_OTHER:INTERNAL=
PC_SQLite3_STATIC_INCLUDE_DIRS:INTERNAL=/usr/include
PC_SQLite3_STATIC_LDFLAGS:INTERNAL=-L/usr/lib/x86_64-linux-gnu;-lsqlite3;-lm;-lz
PC_SQLite3_STATIC_LDFLAGS_OTHER:INTERNAL=
PC_SQLite3_STATIC_LIBDIR:INTERNAL=
PC_SQLite3_STATIC_LIBRARIES:INTERNAL=sqlite3;m;z
PC_SQLite3_STATIC_LIBRARY_DIRS:INTERNAL=/usr/lib/x86_64-linux-gnu
PC_SQLite3_STATIC_LIBS:INTERNAL=
PC_SQLite3_STATIC_LIBS_L:INTERNAL=
PC_SQLite3_STATIC_LIBS_OTHER:INTERNAL=
PC_SQLite3_STATIC_LIBS_PATHS:INTERNAL=
PC_SQLite3_VERSION:INTERNAL=3.46.1
PC_SQLite3_sqlite3_INCLUDEDIR:INTERNAL=
PC_SQLite3_sqlite3_LIBDIR:INTERNAL=
PC_SQLite3_sqlite3_PREFIX:INTERNAL=
PC_SQLite3_sqlite3_VERSION:INTERNAL=
//ADVANCED property for variable: PKG_CONFIG_ARGN
PKG_CONFIG_ARGN-ADVANCED:INTERNAL=1
//ADVANCED property for variable: PKG_CONFIG_EXECUTABLE
PKG_CONFIG_EXECUTABLE-ADVANCED:INTERNAL=1
//ADVANCED property for variable: SQLite3_INCLUDE_DIR
SQLite3_INCLUDE_DIR-ADVANCED:INTERNAL=1
//ADVANCED property for variable: SQLite3_LIBRARY
SQLite3_LIBRARY-ADVANCED:INTERNAL=1
SYSTEMD_CFLAGS:INTERNAL=-I/usr/include
SYSTEMD_CFLAGS_I:INTERNAL=
SYSTEMD_CFLAGS_OTHER:INTERNAL=
SYSTEMD_FOUND:INTERNAL=1
SYSTEMD_INCLUDEDIR:INTERNAL=/usr/include
SYSTEMD_INCLUDE_DIRS:INTERNAL=/usr/include
SYSTEMD_LDFLAGS:INTERNAL=-L/usr/lib/x86_64-linux-gnu;-lsystemd
SYSTEMD_LDFLAGS_OTHER:INTERNAL=
SYSTEMD_LIBDIR:INTERNAL=/usr/lib/x86_64-linux-gnu
SYSTEMD_LIBRARIES:INTERNAL=systemd
SYSTEMD_LIBRARY_DIRS:INTERNAL=/usr/lib/x86_64-linux-gnu
SYSTEMD_LIBS:INTERNAL=
SYSTEMD_LIBS_L:INTERNAL=
SYSTEMD_LIBS_OTHER:INTERNAL=
SYSTEMD_LIBS_PATHS:INTERNAL=
SYSTEMD_MODULE_NAME:INTERNAL=libsystemd
SYSTEMD_PREFIX:INTERNAL=/usr
SYSTEMD_STATIC_CFLAGS:INTERNAL=-I/usr/include
SYSTEMD_STATIC_CFLAGS_I:INTERNAL=
SYSTEMD_STATIC_CFLAGS_OTHER:INTERNAL=
SYSTEMD_STATIC_INCLUDE_DIRS:INTERNAL=/usr/include
SYSTEMD_STATIC_LDFLAGS:INTERNAL=-L/usr/lib/x86_64-linux-gnu;-lsystemd
SYSTEMD_STATIC_LDFLAGS_OTHER:INTERNAL=
SYSTEMD_STATIC_LIBDIR:INTERNAL=
SYSTEMD_STATIC_LIBRARIES:INTERNAL=systemd
SYSTEMD_STATIC_LIBRARY_DIRS:INTERNAL=/usr/lib/x86_64-linux-gnu
SYSTEMD_STATIC_LIBS:INTERNAL=
SYSTEMD_STATIC_LIBS_L:INTERNAL=
SYSTEMD_STATIC_LIBS_OTHER:INTERNAL=
SYSTEMD_STATIC_LIBS_PATHS:INTERNAL=
SYSTEMD_VERSION:INTERNAL=257
SYSTEMD_libsystemd_INCLUDEDIR:INTERNAL=
SYSTEMD_libsystemd_LIBDIR:INTERNAL=
SYSTEMD_libsystemd_PREFIX:INTERNAL=
SYSTEMD_libsystemd_VERSION:INTERNAL=
//linker supports push/pop state
_CMAKE_CXX_LINKER_PUSHPOP_STATE_SUPPORTED:INTERNAL=TRUE
//linker supports push/pop state
_CMAKE_C_LINKER_PUSHPOP_STATE_SUPPORTED:INTERNAL=TRUE
//linker supports push/pop state
_CMAKE_LINKER_PUSHPOP_STATE_SUPPORTED:INTERNAL=TRUE
//CMAKE_INSTALL_PREFIX during last run
_GNUInstallDirs_LAST_CMAKE_INSTALL_PREFIX:INTERNAL=/usr/local
_OPENSSL_CFLAGS:INTERNAL=-I/usr/include
_OPENSSL_CFLAGS_I:INTERNAL=
_OPENSSL_CFLAGS_OTHER:INTERNAL=
_OPENSSL_FOUND:INTERNAL=1
_OPENSSL_INCLUDEDIR:INTERNAL=/usr/include
_OPENSSL_INCLUDE_DIRS:INTERNAL=/usr/include
_OPENSSL_LDFLAGS:INTERNAL=-L/usr/lib/x86_64-linux-gnu;-lssl;-lcrypto
_OPENSSL_LDFLAGS_OTHER:INTERNAL=
_OPENSSL_LIBDIR:INTERNAL=/usr/lib/x86_64-linux-gnu
_OPENSSL_LIBRARIES:INTERNAL=ssl;crypto
_OPENSSL_LIBRARY_DIRS:INTERNAL=/usr/lib/x86_64-linux-gnu
_OPENSSL_LIBS:INTERNAL=
_OPENSSL_LIBS_L:INTERNAL=
_OPENSSL_LIBS_OTHER:INTERNAL=
_OPENSSL_LIBS_PATHS:INTERNAL=
_OPENSSL_MODULE_NAME:INTERNAL=openssl
_OPENSSL_PREFIX:INTERNAL=/usr
_OPENSSL_STATIC_CFLAGS:INTERNAL=-I/usr/include
_OPENSSL_STATIC_CFLAGS_I:INTERNAL=
_OPENSSL_STATIC_CFLAGS_OTHER:INTERNAL=
_OPENSSL_STATIC_INCLUDE_DIRS:INTERNAL=/usr/include
_OPENSSL_STATIC_LDFLAGS:INTERNAL=-L/usr/lib/x86_64-linux-gnu;-lssl;-L/usr/lib/x86_64-linux-gnu;-lz;-lzstd;-ldl;-pthread;-lcrypto;-lz;-lzstd;-ldl;-pthread
_OPENSSL_STATIC_LDFLAGS_OTHER:INTERNAL=-pthread;-pthread
_OPENSSL_STATIC_LIBDIR:INTERNAL=
_OPENSSL_STATIC_LIBRARIES:INTERNAL=ssl;z;zstd;dl;crypto;z;zstd;dl
_OPENSSL_STATIC_LIBRARY_DIRS:INTERNAL=/usr/lib/x86_64-linux-gnu;/usr/lib/x86_64-linux-gnu
_OPENSSL_STATIC_LIBS:INTERNAL=
_OPENSSL_STATIC_LIBS_L:INTERNAL=
_OPENSSL_STATIC_LIBS_OTHER:INTERNAL=
_OPENSSL_STATIC_LIBS_PATHS:INTERNAL=
_OPENSSL_VERSION:INTERNAL=3.4.1
_OPENSSL_openssl_INCLUDEDIR:INTERNAL=
_OPENSSL_openssl_LIBDIR:INTERNAL=
_OPENSSL_openssl_PREFIX:INTERNAL=
_OPENSSL_openssl_VERSION:INTERNAL=
//Compiler reason failure
_Python3_Compiler_REASON_FAILURE:INTERNAL=
_Python3_DEVELOPMENT_EMBED_SIGNATURE:INTERNAL=853744360620a5299ef518b9b9a4c67a
_Python3_DEVELOPMENT_MODULE_SIGNATURE:INTERNAL=676ad4d449a6ca38dd8d758df91f1971
//Development reason failure
_Python3_Development_REASON_FAILURE:INTERNAL=
//Path to a program.
_Python3_EXECUTABLE:INTERNAL=/usr/bin/python3
//Path to a file.
_Python3_INCLUDE_DIR:INTERNAL=/usr/include/python3.13
//Python3 Properties
_Python3_INTERPRETER_PROPERTIES:INTERNAL=Python;3;13;3;64;<none>;cpython-313-x86_64-linux-gnu;abi3;/usr/lib/python3.13;/usr/lib/python3.13;/usr/local/lib/python3.13/dist-packages;/usr/local/lib/python3.13/dist-packages
_Python3_INTERPRETER_SIGNATURE:INTERNAL=4c8bfa8951e99fa32e4000a94f8c04a2
//Path to a library.
_Python3_LIBRARY_RELEASE:INTERNAL=/usr/lib/x86_64-linux-gnu/libpython3.13.so
//NumPy reason failure
_Python3_NumPy_REASON_FAILURE:INTERNAL=
__pkg_config_arguments_PC_SQLite3:INTERNAL=QUIET;sqlite3
__pkg_config_arguments_SYSTEMD:INTERNAL=libsystemd
__pkg_config_arguments__OPENSSL:INTERNAL=QUIET;openssl
__pkg_config_checked_PC_SQLite3:INTERNAL=1
__pkg_config_checked_SYSTEMD:INTERNAL=1
__pkg_config_checked__OPENSSL:INTERNAL=1
//ADVANCED property for variable: pkgcfg_lib_PC_SQLite3_sqlite3
pkgcfg_lib_PC_SQLite3_sqlite3-ADVANCED:INTERNAL=1
//ADVANCED property for variable: pkgcfg_lib_SYSTEMD_systemd
pkgcfg_lib_SYSTEMD_systemd-ADVANCED:INTERNAL=1
//ADVANCED property for variable: pkgcfg_lib__OPENSSL_crypto
pkgcfg_lib__OPENSSL_crypto-ADVANCED:INTERNAL=1
//ADVANCED property for variable: pkgcfg_lib__OPENSSL_ssl
pkgcfg_lib__OPENSSL_ssl-ADVANCED:INTERNAL=1
prefix_result:INTERNAL=/usr/lib/x86_64-linux-gnu

