# This is the CMakeCache file.
# For build in directory: c:/Users/phila/GXC/build
# It was generated by CMake: C:/Users/phila/scoop/apps/cmake/current/bin/cmake.exe
# You can edit this file to change values found and used by cmake.
# If you do not want to change any of the values, simply exit the editor.
# If you do want to change a value, simply edit, save, and exit the editor.
# The syntax for the file is as follows:
# KEY:TYPE=VALUE
# KEY is the name of a variable in the cache.
# TYPE is a hint to GUIs for the type of VALUE, DO NOT EDIT TYPE!.
# VALUE is the current value for the KEY.

########################
# EXTERNAL cache entries
########################

//Build benchmarks
BUILD_BENCHMARKS:BOOL=OFF

//Build Qt GUI applications
BUILD_GUI:BOOL=ON

//Build mining client software
BUILD_MINING_CLIENT:BOOL=ON

//Build static executables
BUILD_STATIC:BOOL=OFF

//Build test suite
BUILD_TESTS:BOOL=ON

//Path to a program.
CCACHE_PROGRAM:FILEPATH=CCACHE_PROGRAM-NOTFOUND

//Path to a program.
CMAKE_AR:FILEPATH=C:/Program Files/Microsoft Visual Studio/2022/Preview/VC/Tools/MSVC/14.44.35112/bin/Hostx64/x64/lib.exe

//Semicolon separated list of supported configuration types, only
// supports Debug, Release, MinSizeRel, and RelWithDebInfo, anything
// else will be ignored.
CMAKE_CONFIGURATION_TYPES:STRING=Debug;Release;MinSizeRel;RelWithDebInfo

//Flags used by the CXX compiler during all build types.
CMAKE_CXX_FLAGS:STRING=/DWIN32 /D_WINDOWS /GR /EHsc

//Flags used by the CXX compiler during DEBUG builds.
CMAKE_CXX_FLAGS_DEBUG:STRING=/Zi /Ob0 /Od /RTC1

//Flags used by the CXX compiler during MINSIZEREL builds.
CMAKE_CXX_FLAGS_MINSIZEREL:STRING=/O1 /Ob1 /DNDEBUG

//Flags used by the CXX compiler during RELEASE builds.
CMAKE_CXX_FLAGS_RELEASE:STRING=/O2 /Ob2 /DNDEBUG

//Flags used by the CXX compiler during RELWITHDEBINFO builds.
CMAKE_CXX_FLAGS_RELWITHDEBINFO:STRING=/Zi /O2 /Ob1 /DNDEBUG

//Libraries linked by default with all C++ applications.
CMAKE_CXX_STANDARD_LIBRARIES:STRING=kernel32.lib user32.lib gdi32.lib winspool.lib shell32.lib ole32.lib oleaut32.lib uuid.lib comdlg32.lib advapi32.lib

//Flags used by the C compiler during all build types.
CMAKE_C_FLAGS:STRING=/DWIN32 /D_WINDOWS

//Flags used by the C compiler during DEBUG builds.
CMAKE_C_FLAGS_DEBUG:STRING=/Zi /Ob0 /Od /RTC1

//Flags used by the C compiler during MINSIZEREL builds.
CMAKE_C_FLAGS_MINSIZEREL:STRING=/O1 /Ob1 /DNDEBUG

//Flags used by the C compiler during RELEASE builds.
CMAKE_C_FLAGS_RELEASE:STRING=/O2 /Ob2 /DNDEBUG

//Flags used by the C compiler during RELWITHDEBINFO builds.
CMAKE_C_FLAGS_RELWITHDEBINFO:STRING=/Zi /O2 /Ob1 /DNDEBUG

//Libraries linked by default with all C applications.
CMAKE_C_STANDARD_LIBRARIES:STRING=kernel32.lib user32.lib gdi32.lib winspool.lib shell32.lib ole32.lib oleaut32.lib uuid.lib comdlg32.lib advapi32.lib

//Flags used by the linker during all build types.
CMAKE_EXE_LINKER_FLAGS:STRING=/machine:x64

//Flags used by the linker during DEBUG builds.
CMAKE_EXE_LINKER_FLAGS_DEBUG:STRING=/debug /INCREMENTAL

//Flags used by the linker during MINSIZEREL builds.
CMAKE_EXE_LINKER_FLAGS_MINSIZEREL:STRING=/INCREMENTAL:NO

//Flags used by the linker during RELEASE builds.
CMAKE_EXE_LINKER_FLAGS_RELEASE:STRING=/INCREMENTAL:NO

//Flags used by the linker during RELWITHDEBINFO builds.
CMAKE_EXE_LINKER_FLAGS_RELWITHDEBINFO:STRING=/debug /INCREMENTAL

//No help, variable specified on the command line.
CMAKE_EXPORT_COMPILE_COMMANDS:BOOL=TRUE

//Value Computed by CMake.
CMAKE_FIND_PACKAGE_REDIRECTS_DIR:STATIC=C:/Users/phila/GXC/build/CMakeFiles/pkgRedirects

//User executables (bin)
CMAKE_INSTALL_BINDIR:PATH=bin

//Read-only architecture-independent data (DATAROOTDIR)
CMAKE_INSTALL_DATADIR:PATH=

//Read-only architecture-independent data root (share)
CMAKE_INSTALL_DATAROOTDIR:PATH=share

//Documentation root (DATAROOTDIR/doc/PROJECT_NAME)
CMAKE_INSTALL_DOCDIR:PATH=

//C header files (include)
CMAKE_INSTALL_INCLUDEDIR:PATH=include

//Info documentation (DATAROOTDIR/info)
CMAKE_INSTALL_INFODIR:PATH=

//Object code libraries (lib)
CMAKE_INSTALL_LIBDIR:PATH=lib

//Program executables (libexec)
CMAKE_INSTALL_LIBEXECDIR:PATH=libexec

//Locale-dependent data (DATAROOTDIR/locale)
CMAKE_INSTALL_LOCALEDIR:PATH=

//Modifiable single-machine data (var)
CMAKE_INSTALL_LOCALSTATEDIR:PATH=var

//Man documentation (DATAROOTDIR/man)
CMAKE_INSTALL_MANDIR:PATH=

//C header files for non-gcc (/usr/include)
CMAKE_INSTALL_OLDINCLUDEDIR:PATH=/usr/include

//Install path prefix, prepended onto install directories.
CMAKE_INSTALL_PREFIX:PATH=C:/Program Files/GXC_Blockchain

//Run-time variable data (LOCALSTATEDIR/run)
CMAKE_INSTALL_RUNSTATEDIR:PATH=

//System admin executables (sbin)
CMAKE_INSTALL_SBINDIR:PATH=sbin

//Modifiable architecture-independent data (com)
CMAKE_INSTALL_SHAREDSTATEDIR:PATH=com

//Read-only single-machine data (etc)
CMAKE_INSTALL_SYSCONFDIR:PATH=etc

//Path to a program.
CMAKE_LINKER:FILEPATH=C:/Program Files/Microsoft Visual Studio/2022/Preview/VC/Tools/MSVC/14.44.35112/bin/Hostx64/x64/link.exe

//Flags used by the linker during the creation of modules during
// all build types.
CMAKE_MODULE_LINKER_FLAGS:STRING=/machine:x64

//Flags used by the linker during the creation of modules during
// DEBUG builds.
CMAKE_MODULE_LINKER_FLAGS_DEBUG:STRING=/debug /INCREMENTAL

//Flags used by the linker during the creation of modules during
// MINSIZEREL builds.
CMAKE_MODULE_LINKER_FLAGS_MINSIZEREL:STRING=/INCREMENTAL:NO

//Flags used by the linker during the creation of modules during
// RELEASE builds.
CMAKE_MODULE_LINKER_FLAGS_RELEASE:STRING=/INCREMENTAL:NO

//Flags used by the linker during the creation of modules during
// RELWITHDEBINFO builds.
CMAKE_MODULE_LINKER_FLAGS_RELWITHDEBINFO:STRING=/debug /INCREMENTAL

//Path to a program.
CMAKE_MT:FILEPATH=C:/Program Files (x86)/Windows Kits/10/bin/10.0.26100.0/x64/mt.exe

//Value Computed by CMake
CMAKE_PROJECT_DESCRIPTION:STATIC=

//Value Computed by CMake
CMAKE_PROJECT_HOMEPAGE_URL:STATIC=

//Value Computed by CMake
CMAKE_PROJECT_NAME:STATIC=GXC_Blockchain

//Value Computed by CMake
CMAKE_PROJECT_VERSION:STATIC=2.0.0

//Value Computed by CMake
CMAKE_PROJECT_VERSION_MAJOR:STATIC=2

//Value Computed by CMake
CMAKE_PROJECT_VERSION_MINOR:STATIC=0

//Value Computed by CMake
CMAKE_PROJECT_VERSION_PATCH:STATIC=0

//Value Computed by CMake
CMAKE_PROJECT_VERSION_TWEAK:STATIC=

//RC compiler
CMAKE_RC_COMPILER:FILEPATH=C:/Program Files (x86)/Windows Kits/10/bin/10.0.26100.0/x64/rc.exe

//Flags for Windows Resource Compiler during all build types.
CMAKE_RC_FLAGS:STRING=-DWIN32

//Flags for Windows Resource Compiler during DEBUG builds.
CMAKE_RC_FLAGS_DEBUG:STRING=-D_DEBUG

//Flags for Windows Resource Compiler during MINSIZEREL builds.
CMAKE_RC_FLAGS_MINSIZEREL:STRING=

//Flags for Windows Resource Compiler during RELEASE builds.
CMAKE_RC_FLAGS_RELEASE:STRING=

//Flags for Windows Resource Compiler during RELWITHDEBINFO builds.
CMAKE_RC_FLAGS_RELWITHDEBINFO:STRING=

//Flags used by the linker during the creation of shared libraries
// during all build types.
CMAKE_SHARED_LINKER_FLAGS:STRING=/machine:x64

//Flags used by the linker during the creation of shared libraries
// during DEBUG builds.
CMAKE_SHARED_LINKER_FLAGS_DEBUG:STRING=/debug /INCREMENTAL

//Flags used by the linker during the creation of shared libraries
// during MINSIZEREL builds.
CMAKE_SHARED_LINKER_FLAGS_MINSIZEREL:STRING=/INCREMENTAL:NO

//Flags used by the linker during the creation of shared libraries
// during RELEASE builds.
CMAKE_SHARED_LINKER_FLAGS_RELEASE:STRING=/INCREMENTAL:NO

//Flags used by the linker during the creation of shared libraries
// during RELWITHDEBINFO builds.
CMAKE_SHARED_LINKER_FLAGS_RELWITHDEBINFO:STRING=/debug /INCREMENTAL

//If set, runtime paths are not added when installing shared libraries,
// but are added when building.
CMAKE_SKIP_INSTALL_RPATH:BOOL=NO

//If set, runtime paths are not added when using shared libraries.
CMAKE_SKIP_RPATH:BOOL=NO

//Flags used by the linker during the creation of static libraries
// during all build types.
CMAKE_STATIC_LINKER_FLAGS:STRING=/machine:x64

//Flags used by the linker during the creation of static libraries
// during DEBUG builds.
CMAKE_STATIC_LINKER_FLAGS_DEBUG:STRING=

//Flags used by the linker during the creation of static libraries
// during MINSIZEREL builds.
CMAKE_STATIC_LINKER_FLAGS_MINSIZEREL:STRING=

//Flags used by the linker during the creation of static libraries
// during RELEASE builds.
CMAKE_STATIC_LINKER_FLAGS_RELEASE:STRING=

//Flags used by the linker during the creation of static libraries
// during RELWITHDEBINFO builds.
CMAKE_STATIC_LINKER_FLAGS_RELWITHDEBINFO:STRING=

//No help, variable specified on the command line.
CMAKE_TOOLCHAIN_FILE:UNINITIALIZED=C:/vcpkg/scripts/buildsystems/vcpkg.cmake

//If this value is on, makefiles will be generated without the
// .SILENT directive, and all commands will be echoed to the console
// during the make.  This is useful for debugging only. With Visual
// Studio IDE projects all commands are done without /nologo.
CMAKE_VERBOSE_MAKEFILE:BOOL=FALSE

//Enable to build 7-Zip source packages
CPACK_SOURCE_7Z:BOOL=ON

//Enable to build ZIP source packages
CPACK_SOURCE_ZIP:BOOL=ON

//Compile device code in 64 bit mode
CUDA_64_BIT_DEVICE_CODE:BOOL=ON

//Attach the build rule to the CUDA source file.  Enable only when
// the CUDA source file is added to at most one target.
CUDA_ATTACH_VS_BUILD_RULE_TO_CUDA_FILE:BOOL=ON

//Generate and parse .cubin files in Device mode.
CUDA_BUILD_CUBIN:BOOL=OFF

//Build in Emulation mode
CUDA_BUILD_EMULATION:BOOL=OFF

//"cudart" library
CUDA_CUDART_LIBRARY:FILEPATH=CUDA_CUDART_LIBRARY-NOTFOUND

//"cuda" library (older versions only).
CUDA_CUDA_LIBRARY:FILEPATH=CUDA_CUDA_LIBRARY-NOTFOUND

//Directory to put all the output files.  If blank it will default
// to the CMAKE_CURRENT_BINARY_DIR
CUDA_GENERATED_OUTPUT_DIR:PATH=

//Generated file extension
CUDA_HOST_COMPILATION_CPP:BOOL=ON

//Host side compiler used by NVCC
CUDA_HOST_COMPILER:FILEPATH=$(VCInstallDir)Tools/MSVC/$(VCToolsVersion)/bin/Host$(Platform)/$(PlatformTarget)

//Path to a program.
CUDA_NVCC_EXECUTABLE:FILEPATH=CUDA_NVCC_EXECUTABLE-NOTFOUND

//Semi-colon delimit multiple arguments. during all build types.
CUDA_NVCC_FLAGS:STRING=

//Semi-colon delimit multiple arguments. during DEBUG builds.
CUDA_NVCC_FLAGS_DEBUG:STRING=

//Semi-colon delimit multiple arguments. during MINSIZEREL builds.
CUDA_NVCC_FLAGS_MINSIZEREL:STRING=

//Semi-colon delimit multiple arguments. during RELEASE builds.
CUDA_NVCC_FLAGS_RELEASE:STRING=

//Semi-colon delimit multiple arguments. during RELWITHDEBINFO
// builds.
CUDA_NVCC_FLAGS_RELWITHDEBINFO:STRING=

//Propagate C/CXX_FLAGS and friends to the host compiler via -Xcompile
CUDA_PROPAGATE_HOST_FLAGS:BOOL=ON

//Path to a file.
CUDA_SDK_ROOT_DIR:PATH=CUDA_SDK_ROOT_DIR-NOTFOUND

//Compile CUDA objects with separable compilation enabled.  Requires
// CUDA 5.0+
CUDA_SEPARABLE_COMPILATION:BOOL=OFF

//Path to a file.
CUDA_TOOLKIT_INCLUDE:PATH=CUDA_TOOLKIT_INCLUDE-NOTFOUND

//Print out the commands run while compiling the CUDA source file.
//  With the Makefile generator this defaults to VERBOSE variable
// specified on the command line, but can be forced on with this
// option.
CUDA_VERBOSE_BUILD:BOOL=OFF

//"cublas" library
CUDA_cublas_LIBRARY:FILEPATH=CUDA_cublas_LIBRARY-NOTFOUND

//"cublasemu" library
CUDA_cublasemu_LIBRARY:FILEPATH=CUDA_cublasemu_LIBRARY-NOTFOUND

//"cufft" library
CUDA_cufft_LIBRARY:FILEPATH=CUDA_cufft_LIBRARY-NOTFOUND

//"cufftemu" library
CUDA_cufftemu_LIBRARY:FILEPATH=CUDA_cufftemu_LIBRARY-NOTFOUND

//Enable ccache for faster compilation
ENABLE_CCACHE:BOOL=ON

//Enable Link Time Optimization
ENABLE_LTO:BOOL=OFF

//Enable profiling support
ENABLE_PROFILING:BOOL=OFF

//Path to a library.
GMOCK_LIBRARY:FILEPATH=GMOCK_LIBRARY-NOTFOUND

//Path to a library.
GMOCK_LIBRARY_DEBUG:FILEPATH=GMOCK_LIBRARY_DEBUG-NOTFOUND

//Path to a library.
GMOCK_MAIN_LIBRARY:FILEPATH=GMOCK_MAIN_LIBRARY-NOTFOUND

//Path to a library.
GMOCK_MAIN_LIBRARY_DEBUG:FILEPATH=GMOCK_MAIN_LIBRARY_DEBUG-NOTFOUND

//Path to a file.
GTEST_INCLUDE_DIR:PATH=GTEST_INCLUDE_DIR-NOTFOUND

//Path to a library.
GTEST_LIBRARY:FILEPATH=GTEST_LIBRARY-NOTFOUND

//Path to a library.
GTEST_LIBRARY_DEBUG:FILEPATH=GTEST_LIBRARY_DEBUG-NOTFOUND

//Path to a library.
GTEST_MAIN_LIBRARY:FILEPATH=GTEST_MAIN_LIBRARY-NOTFOUND

//Path to a library.
GTEST_MAIN_LIBRARY_DEBUG:FILEPATH=GTEST_MAIN_LIBRARY_DEBUG-NOTFOUND

//The directory containing a CMake configuration file for GTest.
GTest_DIR:PATH=GTest_DIR-NOTFOUND

//Value Computed by CMake
GXC_Blockchain_BINARY_DIR:STATIC=C:/Users/phila/GXC/build

//Value Computed by CMake
GXC_Blockchain_IS_TOP_LEVEL:STATIC=ON

//Value Computed by CMake
GXC_Blockchain_SOURCE_DIR:STATIC=C:/Users/phila/GXC

//Path to a library.
LIB_EAY_DEBUG:FILEPATH=C:/Users/phila/scoop/apps/openssl1/current/lib/VC/libcrypto64MDd.lib

//Path to a library.
LIB_EAY_LIBRARY_DEBUG:FILEPATH=LIB_EAY_LIBRARY_DEBUG-NOTFOUND

//Path to a library.
LIB_EAY_LIBRARY_RELEASE:FILEPATH=LIB_EAY_LIBRARY_RELEASE-NOTFOUND

//Path to a library.
LIB_EAY_RELEASE:FILEPATH=C:/Users/phila/scoop/apps/openssl1/current/lib/VC/libcrypto64MD.lib

//Path to a file.
OPENSSL_APPLINK_SOURCE:FILEPATH=C:/Program Files (x86)/OpenSSL-Win32/include/openssl/applink.c

//OpenSSL crypto library
OPENSSL_CRYPTO_LIBRARY:FILEPATH=C:/Program Files (x86)/OpenSSL-Win32/lib/VC/x86/MD/libcrypto.lib

//OpenSSL found
OPENSSL_FOUND:BOOL=TRUE

//OpenSSL include directory
OPENSSL_INCLUDE_DIR:PATH=C:/Program Files (x86)/OpenSSL-Win32/include

//OpenSSL include directories
OPENSSL_INCLUDE_DIRS:STRING=C:/Program Files (x86)/OpenSSL-Win32/include

//OpenSSL libraries
OPENSSL_LIBRARIES:STRING=C:/Program Files (x86)/OpenSSL-Win32/lib/VC/x86/MD/libssl.lib;C:/Program Files (x86)/OpenSSL-Win32/lib/VC/x86/MD/libcrypto.lib

//OpenSSL root directory
OPENSSL_ROOT_DIR:PATH=C:/Program Files (x86)/OpenSSL-Win32

//OpenSSL SSL library
OPENSSL_SSL_LIBRARY:FILEPATH=C:/Program Files (x86)/OpenSSL-Win32/lib/VC/x86/MD/libssl.lib

//Path to a file.
OpenCL_INCLUDE_DIR:PATH=OpenCL_INCLUDE_DIR-NOTFOUND

//Path to a library.
OpenCL_LIBRARY:FILEPATH=OpenCL_LIBRARY-NOTFOUND

//Arguments to supply to pkg-config
PKG_CONFIG_ARGN:STRING=

//pkg-config executable
PKG_CONFIG_EXECUTABLE:FILEPATH=PKG_CONFIG_EXECUTABLE-NOTFOUND

//The directory containing a CMake configuration file for Qt5.
Qt5_DIR:PATH=Qt5_DIR-NOTFOUND

//The directory containing a CMake configuration file for Qt6.
Qt6_DIR:PATH=Qt6_DIR-NOTFOUND

//Path to a program.
SCOOP_EXECUTABLE:FILEPATH=C:/Users/phila/scoop/shims/scoop

//Path to a file.
SQLite3_INCLUDE_DIR:PATH=C:/vcpkg/installed/x64-windows/include

//Path to a library.
SQLite3_LIBRARY:FILEPATH=C:/vcpkg/installed/x64-windows/debug/lib/sqlite3.lib

//Path to a library.
SSL_EAY_DEBUG:FILEPATH=C:/Users/phila/scoop/apps/openssl1/current/lib/VC/libssl64MDd.lib

//Path to a library.
SSL_EAY_LIBRARY_DEBUG:FILEPATH=SSL_EAY_LIBRARY_DEBUG-NOTFOUND

//Path to a library.
SSL_EAY_LIBRARY_RELEASE:FILEPATH=SSL_EAY_LIBRARY_RELEASE-NOTFOUND

//Path to a library.
SSL_EAY_RELEASE:FILEPATH=C:/Users/phila/scoop/apps/openssl1/current/lib/VC/libssl64MD.lib

//Use Scoop package manager for dependencies on Windows
USE_SCOOP:BOOL=ON

//Automatically copy dependencies into the output directory for
// executables.
VCPKG_APPLOCAL_DEPS:BOOL=ON

//The directory which contains the installed libraries for each
// triplet
VCPKG_INSTALLED_DIR:PATH=C:/vcpkg/installed

//The path to the vcpkg manifest directory.
VCPKG_MANIFEST_DIR:PATH=

//Use manifest mode, as opposed to classic mode.
VCPKG_MANIFEST_MODE:BOOL=OFF

//Appends the vcpkg paths to CMAKE_PREFIX_PATH, CMAKE_LIBRARY_PATH
// and CMAKE_FIND_ROOT_PATH so that vcpkg libraries/packages are
// found after toolchain/system libraries/packages.
VCPKG_PREFER_SYSTEM_LIBS:BOOL=OFF

//Enable the setup of CMAKE_PROGRAM_PATH to vcpkg paths
VCPKG_SETUP_CMAKE_PROGRAM_PATH:BOOL=ON

//Vcpkg target triplet (ex. x86-windows)
VCPKG_TARGET_TRIPLET:STRING=x64-windows

//Trace calls to find_package()
VCPKG_TRACE_FIND_PACKAGE:BOOL=OFF

//Enables messages from the VCPKG toolchain for debugging purposes.
VCPKG_VERBOSE:BOOL=OFF

//(experimental) Automatically copy dependencies into the install
// target directory for executables. Requires CMake 3.14.
X_VCPKG_APPLOCAL_DEPS_INSTALL:BOOL=OFF

//(experimental) Add USES_TERMINAL to VCPKG_APPLOCAL_DEPS to force
// serialization.
X_VCPKG_APPLOCAL_DEPS_SERIALIZED:BOOL=OFF

//Path to a program.
Z_VCPKG_BUILTIN_POWERSHELL_PATH:FILEPATH=C:/Windows/System32/WindowsPowerShell/v1.0/powershell.exe

//Path to a program.
Z_VCPKG_PWSH_PATH:FILEPATH=Z_VCPKG_PWSH_PATH-NOTFOUND

//The directory which contains the installed libraries for each
// triplet
_VCPKG_INSTALLED_DIR:PATH=C:/vcpkg/installed

//The directory containing a CMake configuration file for cryptopp.
cryptopp_DIR:PATH=cryptopp_DIR-NOTFOUND

//The directory containing a CMake configuration file for leveldb.
leveldb_DIR:PATH=leveldb_DIR-NOTFOUND

//The directory containing a CMake configuration file for nlohmann_json.
nlohmann_json_DIR:PATH=C:/vcpkg/installed/x64-windows/share/nlohmann_json

//The directory containing a CMake configuration file for pybind11.
pybind11_DIR:PATH=pybind11_DIR-NOTFOUND

//The directory containing a CMake configuration file for websocketpp.
websocketpp_DIR:PATH=websocketpp_DIR-NOTFOUND


########################
# INTERNAL cache entries
########################

//ADVANCED property for variable: CMAKE_AR
CMAKE_AR-ADVANCED:INTERNAL=1
//This is the directory where this CMakeCache.txt was created
CMAKE_CACHEFILE_DIR:INTERNAL=c:/Users/phila/GXC/build
//Major version of cmake used to create the current loaded cache
CMAKE_CACHE_MAJOR_VERSION:INTERNAL=4
//Minor version of cmake used to create the current loaded cache
CMAKE_CACHE_MINOR_VERSION:INTERNAL=0
//Patch version of cmake used to create the current loaded cache
CMAKE_CACHE_PATCH_VERSION:INTERNAL=1
//Path to CMake executable.
CMAKE_COMMAND:INTERNAL=C:/Users/phila/scoop/apps/cmake/current/bin/cmake.exe
//Path to cpack program executable.
CMAKE_CPACK_COMMAND:INTERNAL=C:/Users/phila/scoop/apps/cmake/current/bin/cpack.exe
//Path to ctest program executable.
CMAKE_CTEST_COMMAND:INTERNAL=C:/Users/phila/scoop/apps/cmake/current/bin/ctest.exe
//ADVANCED property for variable: CMAKE_CXX_FLAGS
CMAKE_CXX_FLAGS-ADVANCED:INTERNAL=1
//ADVANCED property for variable: CMAKE_CXX_FLAGS_DEBUG
CMAKE_CXX_FLAGS_DEBUG-ADVANCED:INTERNAL=1
//ADVANCED property for variable: CMAKE_CXX_FLAGS_MINSIZEREL
CMAKE_CXX_FLAGS_MINSIZEREL-ADVANCED:INTERNAL=1
//ADVANCED property for variable: CMAKE_CXX_FLAGS_RELEASE
CMAKE_CXX_FLAGS_RELEASE-ADVANCED:INTERNAL=1
//ADVANCED property for variable: CMAKE_CXX_FLAGS_RELWITHDEBINFO
CMAKE_CXX_FLAGS_RELWITHDEBINFO-ADVANCED:INTERNAL=1
//ADVANCED property for variable: CMAKE_CXX_STANDARD_LIBRARIES
CMAKE_CXX_STANDARD_LIBRARIES-ADVANCED:INTERNAL=1
//ADVANCED property for variable: CMAKE_C_FLAGS
CMAKE_C_FLAGS-ADVANCED:INTERNAL=1
//ADVANCED property for variable: CMAKE_C_FLAGS_DEBUG
CMAKE_C_FLAGS_DEBUG-ADVANCED:INTERNAL=1
//ADVANCED property for variable: CMAKE_C_FLAGS_MINSIZEREL
CMAKE_C_FLAGS_MINSIZEREL-ADVANCED:INTERNAL=1
//ADVANCED property for variable: CMAKE_C_FLAGS_RELEASE
CMAKE_C_FLAGS_RELEASE-ADVANCED:INTERNAL=1
//ADVANCED property for variable: CMAKE_C_FLAGS_RELWITHDEBINFO
CMAKE_C_FLAGS_RELWITHDEBINFO-ADVANCED:INTERNAL=1
//ADVANCED property for variable: CMAKE_C_STANDARD_LIBRARIES
CMAKE_C_STANDARD_LIBRARIES-ADVANCED:INTERNAL=1
//Executable file format
CMAKE_EXECUTABLE_FORMAT:INTERNAL=Unknown
//ADVANCED property for variable: CMAKE_EXE_LINKER_FLAGS
CMAKE_EXE_LINKER_FLAGS-ADVANCED:INTERNAL=1
//ADVANCED property for variable: CMAKE_EXE_LINKER_FLAGS_DEBUG
CMAKE_EXE_LINKER_FLAGS_DEBUG-ADVANCED:INTERNAL=1
//ADVANCED property for variable: CMAKE_EXE_LINKER_FLAGS_MINSIZEREL
CMAKE_EXE_LINKER_FLAGS_MINSIZEREL-ADVANCED:INTERNAL=1
//ADVANCED property for variable: CMAKE_EXE_LINKER_FLAGS_RELEASE
CMAKE_EXE_LINKER_FLAGS_RELEASE-ADVANCED:INTERNAL=1
//ADVANCED property for variable: CMAKE_EXE_LINKER_FLAGS_RELWITHDEBINFO
CMAKE_EXE_LINKER_FLAGS_RELWITHDEBINFO-ADVANCED:INTERNAL=1
//Name of external makefile project generator.
CMAKE_EXTRA_GENERATOR:INTERNAL=
//Name of generator.
CMAKE_GENERATOR:INTERNAL=Visual Studio 17 2022
//Generator instance identifier.
CMAKE_GENERATOR_INSTANCE:INTERNAL=C:/Program Files/Microsoft Visual Studio/2022/Preview
//Name of generator platform.
CMAKE_GENERATOR_PLATFORM:INTERNAL=x64
//Name of generator toolset.
CMAKE_GENERATOR_TOOLSET:INTERNAL=host=x64
//Test CMAKE_HAVE_LIBC_PTHREAD
CMAKE_HAVE_LIBC_PTHREAD:INTERNAL=
//Have library pthreads
CMAKE_HAVE_PTHREADS_CREATE:INTERNAL=
//Have library pthread
CMAKE_HAVE_PTHREAD_CREATE:INTERNAL=
//Source directory with the top level CMakeLists.txt file for this
// project
CMAKE_HOME_DIRECTORY:INTERNAL=C:/Users/phila/GXC
//ADVANCED property for variable: CMAKE_INSTALL_BINDIR
CMAKE_INSTALL_BINDIR-ADVANCED:INTERNAL=1
//ADVANCED property for variable: CMAKE_INSTALL_DATADIR
CMAKE_INSTALL_DATADIR-ADVANCED:INTERNAL=1
//ADVANCED property for variable: CMAKE_INSTALL_DATAROOTDIR
CMAKE_INSTALL_DATAROOTDIR-ADVANCED:INTERNAL=1
//ADVANCED property for variable: CMAKE_INSTALL_DOCDIR
CMAKE_INSTALL_DOCDIR-ADVANCED:INTERNAL=1
//ADVANCED property for variable: CMAKE_INSTALL_INCLUDEDIR
CMAKE_INSTALL_INCLUDEDIR-ADVANCED:INTERNAL=1
//ADVANCED property for variable: CMAKE_INSTALL_INFODIR
CMAKE_INSTALL_INFODIR-ADVANCED:INTERNAL=1
//ADVANCED property for variable: CMAKE_INSTALL_LIBDIR
CMAKE_INSTALL_LIBDIR-ADVANCED:INTERNAL=1
//ADVANCED property for variable: CMAKE_INSTALL_LIBEXECDIR
CMAKE_INSTALL_LIBEXECDIR-ADVANCED:INTERNAL=1
//ADVANCED property for variable: CMAKE_INSTALL_LOCALEDIR
CMAKE_INSTALL_LOCALEDIR-ADVANCED:INTERNAL=1
//ADVANCED property for variable: CMAKE_INSTALL_LOCALSTATEDIR
CMAKE_INSTALL_LOCALSTATEDIR-ADVANCED:INTERNAL=1
//ADVANCED property for variable: CMAKE_INSTALL_MANDIR
CMAKE_INSTALL_MANDIR-ADVANCED:INTERNAL=1
//ADVANCED property for variable: CMAKE_INSTALL_OLDINCLUDEDIR
CMAKE_INSTALL_OLDINCLUDEDIR-ADVANCED:INTERNAL=1
//ADVANCED property for variable: CMAKE_INSTALL_RUNSTATEDIR
CMAKE_INSTALL_RUNSTATEDIR-ADVANCED:INTERNAL=1
//ADVANCED property for variable: CMAKE_INSTALL_SBINDIR
CMAKE_INSTALL_SBINDIR-ADVANCED:INTERNAL=1
//ADVANCED property for variable: CMAKE_INSTALL_SHAREDSTATEDIR
CMAKE_INSTALL_SHAREDSTATEDIR-ADVANCED:INTERNAL=1
//ADVANCED property for variable: CMAKE_INSTALL_SYSCONFDIR
CMAKE_INSTALL_SYSCONFDIR-ADVANCED:INTERNAL=1
//ADVANCED property for variable: CMAKE_LINKER
CMAKE_LINKER-ADVANCED:INTERNAL=1
//Name of CMakeLists files to read
CMAKE_LIST_FILE_NAME:INTERNAL=CMakeLists.txt
//ADVANCED property for variable: CMAKE_MODULE_LINKER_FLAGS
CMAKE_MODULE_LINKER_FLAGS-ADVANCED:INTERNAL=1
//ADVANCED property for variable: CMAKE_MODULE_LINKER_FLAGS_DEBUG
CMAKE_MODULE_LINKER_FLAGS_DEBUG-ADVANCED:INTERNAL=1
//ADVANCED property for variable: CMAKE_MODULE_LINKER_FLAGS_MINSIZEREL
CMAKE_MODULE_LINKER_FLAGS_MINSIZEREL-ADVANCED:INTERNAL=1
//ADVANCED property for variable: CMAKE_MODULE_LINKER_FLAGS_RELEASE
CMAKE_MODULE_LINKER_FLAGS_RELEASE-ADVANCED:INTERNAL=1
//ADVANCED property for variable: CMAKE_MODULE_LINKER_FLAGS_RELWITHDEBINFO
CMAKE_MODULE_LINKER_FLAGS_RELWITHDEBINFO-ADVANCED:INTERNAL=1
//ADVANCED property for variable: CMAKE_MT
CMAKE_MT-ADVANCED:INTERNAL=1
//number of local generators
CMAKE_NUMBER_OF_MAKEFILES:INTERNAL=1
//Platform information initialized
CMAKE_PLATFORM_INFO_INITIALIZED:INTERNAL=1
//noop for ranlib
CMAKE_RANLIB:INTERNAL=:
//ADVANCED property for variable: CMAKE_RC_COMPILER
CMAKE_RC_COMPILER-ADVANCED:INTERNAL=1
CMAKE_RC_COMPILER_WORKS:INTERNAL=1
//ADVANCED property for variable: CMAKE_RC_FLAGS
CMAKE_RC_FLAGS-ADVANCED:INTERNAL=1
//ADVANCED property for variable: CMAKE_RC_FLAGS_DEBUG
CMAKE_RC_FLAGS_DEBUG-ADVANCED:INTERNAL=1
//ADVANCED property for variable: CMAKE_RC_FLAGS_MINSIZEREL
CMAKE_RC_FLAGS_MINSIZEREL-ADVANCED:INTERNAL=1
//ADVANCED property for variable: CMAKE_RC_FLAGS_RELEASE
CMAKE_RC_FLAGS_RELEASE-ADVANCED:INTERNAL=1
//ADVANCED property for variable: CMAKE_RC_FLAGS_RELWITHDEBINFO
CMAKE_RC_FLAGS_RELWITHDEBINFO-ADVANCED:INTERNAL=1
//Path to CMake installation.
CMAKE_ROOT:INTERNAL=C:/Users/phila/scoop/apps/cmake/current/share/cmake-4.0
//ADVANCED property for variable: CMAKE_SHARED_LINKER_FLAGS
CMAKE_SHARED_LINKER_FLAGS-ADVANCED:INTERNAL=1
//ADVANCED property for variable: CMAKE_SHARED_LINKER_FLAGS_DEBUG
CMAKE_SHARED_LINKER_FLAGS_DEBUG-ADVANCED:INTERNAL=1
//ADVANCED property for variable: CMAKE_SHARED_LINKER_FLAGS_MINSIZEREL
CMAKE_SHARED_LINKER_FLAGS_MINSIZEREL-ADVANCED:INTERNAL=1
//ADVANCED property for variable: CMAKE_SHARED_LINKER_FLAGS_RELEASE
CMAKE_SHARED_LINKER_FLAGS_RELEASE-ADVANCED:INTERNAL=1
//ADVANCED property for variable: CMAKE_SHARED_LINKER_FLAGS_RELWITHDEBINFO
CMAKE_SHARED_LINKER_FLAGS_RELWITHDEBINFO-ADVANCED:INTERNAL=1
//ADVANCED property for variable: CMAKE_SKIP_INSTALL_RPATH
CMAKE_SKIP_INSTALL_RPATH-ADVANCED:INTERNAL=1
//ADVANCED property for variable: CMAKE_SKIP_RPATH
CMAKE_SKIP_RPATH-ADVANCED:INTERNAL=1
//ADVANCED property for variable: CMAKE_STATIC_LINKER_FLAGS
CMAKE_STATIC_LINKER_FLAGS-ADVANCED:INTERNAL=1
//ADVANCED property for variable: CMAKE_STATIC_LINKER_FLAGS_DEBUG
CMAKE_STATIC_LINKER_FLAGS_DEBUG-ADVANCED:INTERNAL=1
//ADVANCED property for variable: CMAKE_STATIC_LINKER_FLAGS_MINSIZEREL
CMAKE_STATIC_LINKER_FLAGS_MINSIZEREL-ADVANCED:INTERNAL=1
//ADVANCED property for variable: CMAKE_STATIC_LINKER_FLAGS_RELEASE
CMAKE_STATIC_LINKER_FLAGS_RELEASE-ADVANCED:INTERNAL=1
//ADVANCED property for variable: CMAKE_STATIC_LINKER_FLAGS_RELWITHDEBINFO
CMAKE_STATIC_LINKER_FLAGS_RELWITHDEBINFO-ADVANCED:INTERNAL=1
//ADVANCED property for variable: CMAKE_TOOLCHAIN_FILE
CMAKE_TOOLCHAIN_FILE-ADVANCED:INTERNAL=1
//ADVANCED property for variable: CMAKE_VERBOSE_MAKEFILE
CMAKE_VERBOSE_MAKEFILE-ADVANCED:INTERNAL=1
//ADVANCED property for variable: CPACK_SOURCE_7Z
CPACK_SOURCE_7Z-ADVANCED:INTERNAL=1
//ADVANCED property for variable: CPACK_SOURCE_ZIP
CPACK_SOURCE_ZIP-ADVANCED:INTERNAL=1
//ADVANCED property for variable: CUDA_64_BIT_DEVICE_CODE
CUDA_64_BIT_DEVICE_CODE-ADVANCED:INTERNAL=1
//ADVANCED property for variable: CUDA_ATTACH_VS_BUILD_RULE_TO_CUDA_FILE
CUDA_ATTACH_VS_BUILD_RULE_TO_CUDA_FILE-ADVANCED:INTERNAL=1
//ADVANCED property for variable: CUDA_BUILD_CUBIN
CUDA_BUILD_CUBIN-ADVANCED:INTERNAL=1
//ADVANCED property for variable: CUDA_BUILD_EMULATION
CUDA_BUILD_EMULATION-ADVANCED:INTERNAL=1
//ADVANCED property for variable: CUDA_CUDART_LIBRARY
CUDA_CUDART_LIBRARY-ADVANCED:INTERNAL=1
//ADVANCED property for variable: CUDA_CUDA_LIBRARY
CUDA_CUDA_LIBRARY-ADVANCED:INTERNAL=1
//ADVANCED property for variable: CUDA_GENERATED_OUTPUT_DIR
CUDA_GENERATED_OUTPUT_DIR-ADVANCED:INTERNAL=1
//ADVANCED property for variable: CUDA_HOST_COMPILATION_CPP
CUDA_HOST_COMPILATION_CPP-ADVANCED:INTERNAL=1
//ADVANCED property for variable: CUDA_NVCC_EXECUTABLE
CUDA_NVCC_EXECUTABLE-ADVANCED:INTERNAL=1
//ADVANCED property for variable: CUDA_NVCC_FLAGS
CUDA_NVCC_FLAGS-ADVANCED:INTERNAL=1
//ADVANCED property for variable: CUDA_NVCC_FLAGS_DEBUG
CUDA_NVCC_FLAGS_DEBUG-ADVANCED:INTERNAL=1
//ADVANCED property for variable: CUDA_NVCC_FLAGS_MINSIZEREL
CUDA_NVCC_FLAGS_MINSIZEREL-ADVANCED:INTERNAL=1
//ADVANCED property for variable: CUDA_NVCC_FLAGS_RELEASE
CUDA_NVCC_FLAGS_RELEASE-ADVANCED:INTERNAL=1
//ADVANCED property for variable: CUDA_NVCC_FLAGS_RELWITHDEBINFO
CUDA_NVCC_FLAGS_RELWITHDEBINFO-ADVANCED:INTERNAL=1
//ADVANCED property for variable: CUDA_PROPAGATE_HOST_FLAGS
CUDA_PROPAGATE_HOST_FLAGS-ADVANCED:INTERNAL=1
//This is the value of the last time CUDA_SDK_ROOT_DIR was set
// successfully.
CUDA_SDK_ROOT_DIR_INTERNAL:INTERNAL=CUDA_SDK_ROOT_DIR-NOTFOUND
//ADVANCED property for variable: CUDA_SEPARABLE_COMPILATION
CUDA_SEPARABLE_COMPILATION-ADVANCED:INTERNAL=1
//ADVANCED property for variable: CUDA_TOOLKIT_INCLUDE
CUDA_TOOLKIT_INCLUDE-ADVANCED:INTERNAL=1
//This is the value of the last time CUDA_TOOLKIT_ROOT_DIR was
// set successfully.
CUDA_TOOLKIT_ROOT_DIR_INTERNAL:INTERNAL=
//This is the value of the last time CUDA_TOOLKIT_TARGET_DIR was
// set successfully.
CUDA_TOOLKIT_TARGET_DIR_INTERNAL:INTERNAL=
CUDA_USE_STATIC_CUDA_RUNTIME:INTERNAL=OFF
//ADVANCED property for variable: CUDA_VERBOSE_BUILD
CUDA_VERBOSE_BUILD-ADVANCED:INTERNAL=1
//ADVANCED property for variable: CUDA_cublas_LIBRARY
CUDA_cublas_LIBRARY-ADVANCED:INTERNAL=1
//ADVANCED property for variable: CUDA_cublasemu_LIBRARY
CUDA_cublasemu_LIBRARY-ADVANCED:INTERNAL=1
//ADVANCED property for variable: CUDA_cufft_LIBRARY
CUDA_cufft_LIBRARY-ADVANCED:INTERNAL=1
//ADVANCED property for variable: CUDA_cufftemu_LIBRARY
CUDA_cufftemu_LIBRARY-ADVANCED:INTERNAL=1
//Location of make2cmake.cmake
CUDA_make2cmake:INTERNAL=C:/Users/phila/scoop/apps/cmake/current/share/cmake-4.0/Modules/FindCUDA/make2cmake.cmake
//Location of parse_cubin.cmake
CUDA_parse_cubin:INTERNAL=C:/Users/phila/scoop/apps/cmake/current/share/cmake-4.0/Modules/FindCUDA/parse_cubin.cmake
//Location of run_nvcc.cmake
CUDA_run_nvcc:INTERNAL=C:/Users/phila/scoop/apps/cmake/current/share/cmake-4.0/Modules/FindCUDA/run_nvcc.cmake
//Details about finding OpenSSL
FIND_PACKAGE_MESSAGE_DETAILS_OpenSSL:INTERNAL=[optimized;C:/Users/phila/scoop/apps/openssl1/current/lib/VC/libcrypto64MD.lib;debug;C:/Users/phila/scoop/apps/openssl1/current/lib/VC/libcrypto64MDd.lib][C:/Program Files (x86)/OpenSSL-Win32/include][ ][v3.5.1()]
//Details about finding Python3
FIND_PACKAGE_MESSAGE_DETAILS_Python3:INTERNAL=[C:/Users/phila/GXC/.venv/Scripts/python.exe][C:/Program Files/WindowsApps/PythonSoftwareFoundation.Python.3.13_3.13.1520.0_x64__qbz5n2kfra8p0/libs/python313.lib][C:/Program Files/WindowsApps/PythonSoftwareFoundation.Python.3.13_3.13.1520.0_x64__qbz5n2kfra8p0/Include][found components: Interpreter Development Development.Module Development.Embed ][v3.13.5()]
//Details about finding SQLite3
FIND_PACKAGE_MESSAGE_DETAILS_SQLite3:INTERNAL=[C:/vcpkg/installed/x64-windows/include][C:/vcpkg/installed/x64-windows/debug/lib/sqlite3.lib][v3.49.1()]
//Details about finding Threads
FIND_PACKAGE_MESSAGE_DETAILS_Threads:INTERNAL=[TRUE][v()]
//ADVANCED property for variable: GMOCK_LIBRARY
GMOCK_LIBRARY-ADVANCED:INTERNAL=1
//ADVANCED property for variable: GMOCK_LIBRARY_DEBUG
GMOCK_LIBRARY_DEBUG-ADVANCED:INTERNAL=1
//ADVANCED property for variable: GMOCK_MAIN_LIBRARY
GMOCK_MAIN_LIBRARY-ADVANCED:INTERNAL=1
//ADVANCED property for variable: GMOCK_MAIN_LIBRARY_DEBUG
GMOCK_MAIN_LIBRARY_DEBUG-ADVANCED:INTERNAL=1
//ADVANCED property for variable: GTEST_INCLUDE_DIR
GTEST_INCLUDE_DIR-ADVANCED:INTERNAL=1
//ADVANCED property for variable: GTEST_LIBRARY
GTEST_LIBRARY-ADVANCED:INTERNAL=1
//ADVANCED property for variable: GTEST_LIBRARY_DEBUG
GTEST_LIBRARY_DEBUG-ADVANCED:INTERNAL=1
//ADVANCED property for variable: GTEST_MAIN_LIBRARY
GTEST_MAIN_LIBRARY-ADVANCED:INTERNAL=1
//ADVANCED property for variable: GTEST_MAIN_LIBRARY_DEBUG
GTEST_MAIN_LIBRARY_DEBUG-ADVANCED:INTERNAL=1
//ADVANCED property for variable: LIB_EAY_LIBRARY_DEBUG
LIB_EAY_LIBRARY_DEBUG-ADVANCED:INTERNAL=1
//ADVANCED property for variable: LIB_EAY_LIBRARY_RELEASE
LIB_EAY_LIBRARY_RELEASE-ADVANCED:INTERNAL=1
//Have symbol CL_VERSION_1_0
OPENCL_VERSION_1_0:INTERNAL=
//Have symbol CL_VERSION_1_1
OPENCL_VERSION_1_1:INTERNAL=
//Have symbol CL_VERSION_1_2
OPENCL_VERSION_1_2:INTERNAL=
//Have symbol CL_VERSION_2_0
OPENCL_VERSION_2_0:INTERNAL=
//Have symbol CL_VERSION_2_1
OPENCL_VERSION_2_1:INTERNAL=
//Have symbol CL_VERSION_2_2
OPENCL_VERSION_2_2:INTERNAL=
//Have symbol CL_VERSION_3_0
OPENCL_VERSION_3_0:INTERNAL=
//ADVANCED property for variable: OPENSSL_CRYPTO_LIBRARY
OPENSSL_CRYPTO_LIBRARY-ADVANCED:INTERNAL=1
//ADVANCED property for variable: OPENSSL_INCLUDE_DIR
OPENSSL_INCLUDE_DIR-ADVANCED:INTERNAL=1
//ADVANCED property for variable: OPENSSL_ROOT_DIR
OPENSSL_ROOT_DIR-ADVANCED:INTERNAL=1
//ADVANCED property for variable: OPENSSL_SSL_LIBRARY
OPENSSL_SSL_LIBRARY-ADVANCED:INTERNAL=1
//ADVANCED property for variable: OpenCL_INCLUDE_DIR
OpenCL_INCLUDE_DIR-ADVANCED:INTERNAL=1
//ADVANCED property for variable: OpenCL_LIBRARY
OpenCL_LIBRARY-ADVANCED:INTERNAL=1
//ADVANCED property for variable: PKG_CONFIG_ARGN
PKG_CONFIG_ARGN-ADVANCED:INTERNAL=1
//ADVANCED property for variable: PKG_CONFIG_EXECUTABLE
PKG_CONFIG_EXECUTABLE-ADVANCED:INTERNAL=1
//ADVANCED property for variable: SQLite3_INCLUDE_DIR
SQLite3_INCLUDE_DIR-ADVANCED:INTERNAL=1
//ADVANCED property for variable: SQLite3_LIBRARY
SQLite3_LIBRARY-ADVANCED:INTERNAL=1
//ADVANCED property for variable: SSL_EAY_LIBRARY_DEBUG
SSL_EAY_LIBRARY_DEBUG-ADVANCED:INTERNAL=1
//ADVANCED property for variable: SSL_EAY_LIBRARY_RELEASE
SSL_EAY_LIBRARY_RELEASE-ADVANCED:INTERNAL=1
//Install the dependencies listed in your manifest:
//\n    If this is off, you will have to manually install your dependencies.
//\n    See https://github.com/microsoft/vcpkg/tree/master/docs/specifications/manifests.md
// for more info.
//\n
VCPKG_MANIFEST_INSTALL:INTERNAL=OFF
//ADVANCED property for variable: VCPKG_VERBOSE
VCPKG_VERBOSE-ADVANCED:INTERNAL=1
//Making sure VCPKG_MANIFEST_MODE doesn't change
Z_VCPKG_CHECK_MANIFEST_MODE:INTERNAL=OFF
//The path to the PowerShell implementation to use.
Z_VCPKG_POWERSHELL_PATH:INTERNAL=C:/Windows/System32/WindowsPowerShell/v1.0/powershell.exe
//Vcpkg root directory
Z_VCPKG_ROOT_DIR:INTERNAL=C:/vcpkg
//CMAKE_INSTALL_PREFIX during last run
_GNUInstallDirs_LAST_CMAKE_INSTALL_PREFIX:INTERNAL=C:/Program Files/GXC_Blockchain
//Compiler reason failure
_Python3_Compiler_REASON_FAILURE:INTERNAL=
_Python3_DEVELOPMENT_EMBED_SIGNATURE:INTERNAL=a74038ab4a184b407871ec0248c113ed
_Python3_DEVELOPMENT_MODULE_SIGNATURE:INTERNAL=a74038ab4a184b407871ec0248c113ed
//Development reason failure
_Python3_Development_REASON_FAILURE:INTERNAL=
//Path to a program.
_Python3_EXECUTABLE:INTERNAL=C:/Users/phila/GXC/.venv/Scripts/python.exe
//Path to a program.
_Python3_EXECUTABLE_DEBUG:INTERNAL=_Python3_EXECUTABLE_DEBUG-NOTFOUND
//Path to a file.
_Python3_INCLUDE_DIR:INTERNAL=C:/Program Files/WindowsApps/PythonSoftwareFoundation.Python.3.13_3.13.1520.0_x64__qbz5n2kfra8p0/Include
//Python3 Properties
_Python3_INTERPRETER_PROPERTIES:INTERNAL=Python;3;13;5;64;<none>;cp313-win_amd64;;C:\Program Files\WindowsApps\PythonSoftwareFoundation.Python.3.13_3.13.1520.0_x64__qbz5n2kfra8p0\Lib;C:\Users\phila\GXC\.venv\Lib;C:\Users\phila\GXC\.venv\Lib\site-packages;C:\Users\phila\GXC\.venv\Lib\site-packages
_Python3_INTERPRETER_SIGNATURE:INTERNAL=495f7ddfe37b60013957f969c09db8a6
//Interpreter reason failure
_Python3_Interpreter_REASON_FAILURE:INTERNAL=
//Path to a library.
_Python3_LIBRARY_DEBUG:INTERNAL=_Python3_LIBRARY_DEBUG-NOTFOUND
//Path to a library.
_Python3_LIBRARY_RELEASE:INTERNAL=C:/Program Files/WindowsApps/PythonSoftwareFoundation.Python.3.13_3.13.1520.0_x64__qbz5n2kfra8p0/libs/python313.lib
//NumPy reason failure
_Python3_NumPy_REASON_FAILURE:INTERNAL=
//Path to a library.
_Python3_RUNTIME_LIBRARY_RELEASE:INTERNAL=C:/Program Files/WindowsApps/PythonSoftwareFoundation.Python.3.13_3.13.1520.0_x64__qbz5n2kfra8p0/python313.dll

